2025-12-31 00:08:08,796 - INFO - ================================================================================
2025-12-31 00:08:08,796 - INFO - Starting DEI Compliance Collection & Analysis Workflow
2025-12-31 00:08:08,796 - INFO - ================================================================================
2025-12-31 00:08:08,796 - INFO - 
[STEP 1] Identifying documents to collect...
2025-12-31 00:08:08,796 - INFO - Starting simple web collection (fallback, no API key required)...
2025-12-31 00:08:08,796 - INFO - Searching: Oregon Business & Industry DEI
2025-12-31 00:08:08,796 - INFO -   Query: site:oregon.gov/biz diversity equity inclusion
2025-12-31 00:08:08,796 - INFO - Searching: Oregon HCS Diversity
2025-12-31 00:08:08,796 - INFO -   Query: site:oregon.gov/hcs housing communities services diversity
2025-12-31 00:08:08,796 - INFO - Searching: Clackamas County Housing Diversity
2025-12-31 00:08:08,796 - INFO -   Query: site:clackamas.us housing diversity equity
2025-12-31 00:08:08,796 - INFO - Identified 3 search topics for manual/API collection
2025-12-31 00:08:08,796 - INFO - 
[STEP 2] Downloading PDFs...
2025-12-31 00:08:08,796 - WARNING - (Skipped: Provide BRAVE_API_KEY env var or use --pdf-dir for local files)
2025-12-31 00:08:08,796 - INFO - 
[STEP 3] Parsing PDFs...
2025-12-31 00:08:08,796 - INFO - No PDFs to parse. (Collect PDFs first, then re-run)
2025-12-31 00:08:08,796 - INFO - 
[STEP 4] Indexing and tagging documents...
2025-12-31 00:08:08,796 - INFO - Found 0 text files to index
2025-12-31 00:08:08,797 - INFO - Saved index to research_results/document_index_20251231_000808.json
2025-12-31 00:08:08,797 - INFO - Saved CSV summary to research_results/summary_20251231_000808.csv
2025-12-31 00:08:08,797 - INFO - Index saved to research_results/document_index_20251231_000808.json
2025-12-31 00:08:08,797 - INFO - CSV summary saved to research_results/summary_20251231_000808.csv
2025-12-31 00:08:08,797 - INFO - 
[STEP 5] Generating reports...
2025-12-31 00:08:08,797 - INFO - Loaded 0 documents from research_results/document_index_20251231_000808.json
2025-12-31 00:08:08,797 - INFO - Saved summary to research_results/FINDINGS_20251231_000808.txt
2025-12-31 00:08:08,797 - INFO - Saved detailed report to research_results/DETAILED_REPORT_20251231_000808.txt
2025-12-31 00:08:08,797 - INFO - 
================================================================================
2025-12-31 00:08:08,797 - INFO - SUMMARY REPORT
2025-12-31 00:08:08,797 - INFO - ================================================================================
2025-12-31 00:08:08,797 - INFO - ================================================================================
FINDINGS SUMMARY — Oregon DEI References Audit
Generated: 20251231_000808
================================================================================

SCOPE
- Search for State of Oregon policies and rules referencing DEI, equity, diversity,
  or proxies/euphemisms (cultural competence, lived experience, etc.) that could
  be binding on the Housing Authority of Clackamas County.
- Source: oregon.gov, clackamas.us, and partner domains.
- Analysis: Keyword matching + risk scoring (0-3 scale).

HIGH-RISK DOCUMENTS (Score >= 2, 0 found)
- These documents contain both DEI/proxy language AND binding indicators
  ("policy", "shall", "required", "contract", etc.)
  None

MEDIUM-RISK DOCUMENTS (Score = 1, 0 found)
- These contain DEI/proxy language but may lack explicit binding indicators.
- Review to assess applicability and intent.
  None

KEY APPLICABILITY AREAS IDENTIFIED
  No specific applicability areas identified.

NEXT STEPS
1. Review high-risk documents in detail; prioritize those tagged "hiring" or "procurement".
2. Check if Oregon policies explicitly apply to local housing authorities.
3. Collect evidence of current HA policies to compare against findings.
4. Assess risk and draft remediation plan.

For detailed analysis, see:
  - Full index: research_results/document_index_20251231_000808.json
  - CSV summary: research_results/summary_20251231_000808.csv
================================================================================
2025-12-31 00:08:08,797 - INFO - 
================================================================================
2025-12-31 00:08:08,797 - INFO - WORKFLOW COMPLETE
2025-12-31 00:08:08,797 - INFO - ================================================================================
2025-12-31 00:08:08,797 - INFO - Results: {
  "queries_identified": 3,
  "pdfs_parsed": 0,
  "documents_indexed": 0,
  "index_file": "research_results/document_index_20251231_000808.json",
  "csv_file": "research_results/summary_20251231_000808.csv",
  "summary_file": "research_results/FINDINGS_20251231_000808.txt",
  "detailed_report_file": "research_results/DETAILED_REPORT_20251231_000808.txt",
  "timestamp": "2025-12-31T00:08:08.797241"
}
2025-12-31 00:08:08,797 - INFO - 
Results saved to research_results/workflow_results_20251231_000808.json
