[2025-12-30 18:49:48] ================================================================================
[2025-12-30 18:49:48] Starting DEI Research on Housing Authority of Clackamas County
[2025-12-30 18:49:48] ================================================================================
[2025-12-30 18:49:48] WARNING: BRAVE_API_KEY not set, skipping Brave search
[2025-12-30 18:49:48] Searching DuckDuckGo for: Clackamas County Housing Authority diversity equity inclusion
[2025-12-30 18:49:49] Found 10 results from DuckDuckGo
[2025-12-30 18:49:53] WARNING: BRAVE_API_KEY not set, skipping Brave search
[2025-12-30 18:49:53] Searching DuckDuckGo for: Clackamas County Housing Authority DEI
[2025-12-30 18:49:54] Found 10 results from DuckDuckGo
[2025-12-30 18:49:58] WARNING: BRAVE_API_KEY not set, skipping Brave search
[2025-12-30 18:49:58] Searching DuckDuckGo for: Clackamas County Housing Authority fair housing
[2025-12-30 18:49:58] Found 0 results from DuckDuckGo
[2025-12-30 18:50:02] WARNING: BRAVE_API_KEY not set, skipping Brave search
[2025-12-30 18:50:02] Searching DuckDuckGo for: Clackamas County Housing Authority racial equity
[2025-12-30 18:50:02] Found 0 results from DuckDuckGo
[2025-12-30 18:50:06] WARNING: BRAVE_API_KEY not set, skipping Brave search
[2025-12-30 18:50:06] Searching DuckDuckGo for: Clackamas County Housing Authority social justice
[2025-12-30 18:50:06] Found 0 results from DuckDuckGo
[2025-12-30 18:50:10] WARNING: BRAVE_API_KEY not set, skipping Brave search
[2025-12-30 18:50:10] Searching DuckDuckGo for: Clackamas County Housing Authority community engagement
[2025-12-30 18:50:10] Found 0 results from DuckDuckGo
[2025-12-30 18:50:14] Searching CommonCrawl for: clackamas.us/housingauthority
[2025-12-30 18:50:15] Found 4 results from CommonCrawl
[2025-12-30 18:50:15] Starting site crawl...
[2025-12-30 18:50:15] Scraping: https://www.clackamas.us/housingauthority/resources
[2025-12-30 18:50:18] Scraping: https://www.clackamas.us/housingauthority
[2025-12-30 18:50:20] Scraping: https://www.clackamas.us/housingauthority/programs
[2025-12-30 18:50:23] Scraping: https://www.clackamas.us/housingauthority/contact
[2025-12-30 18:50:25] Scraping: https://www.clackamas.us/housingauthority/about
[2025-12-30 18:50:28] ================================================================================
[2025-12-30 18:50:28] Research complete!
[2025-12-30 18:50:28] Results saved to: research_results
[2025-12-30 18:50:28] ================================================================================
[2025-12-30 18:51:53] ================================================================================
[2025-12-30 18:51:53] COMPREHENSIVE DEI RESEARCH - HOUSING AUTHORITY OF CLACKAMAS COUNTY
[2025-12-30 18:51:53] ================================================================================
[2025-12-30 18:51:53] Searching DuckDuckGo: site:clackamas.us/housingauthority diversity
