
====================================================================================================
ENHANCED OREGON DEI RESEARCH
Housing Authority of Clackamas County
====================================================================================================

[2025-12-30 18:57:59] Starting enhanced research...
[2025-12-30 18:57:59] Downloading Oregon Revised Statutes...
[2025-12-30 18:57:59]   Downloading ORS Chapter 183: Administrative Procedures Act
[2025-12-30 18:57:59]     ✓ Downloaded 407237 bytes
[2025-12-30 18:58:00]   Downloading ORS Chapter 279A: Public Contracting - General
[2025-12-30 18:58:00]     ✓ Downloaded 283521 bytes
[2025-12-30 18:58:01]   Downloading ORS Chapter 279B: Public Contracting - Procurement
[2025-12-30 18:58:01]     ✓ Downloaded 250100 bytes
[2025-12-30 18:58:02]   Downloading ORS Chapter 279C: Public Contracting - Construction
[2025-12-30 18:58:03]     ✓ Downloaded 640112 bytes
[2025-12-30 18:58:04]   Downloading ORS Chapter 659: Unlawful Discrimination
[2025-12-30 18:58:04]     ✓ Downloaded 150879 bytes
[2025-12-30 18:58:05]   Downloading ORS Chapter 659A: Discrimination Definitions and Procedures
[2025-12-30 18:58:05]     ✓ Downloaded 730326 bytes
[2025-12-30 18:58:06]   Downloading ORS Chapter 456: Housing Authorities
[2025-12-30 18:58:06]     ✓ Downloaded 746466 bytes
[2025-12-30 18:58:07]   Downloading ORS Chapter 90: Residential Landlord-Tenant
[2025-12-30 18:58:07]     ✗ HTTP 404
[2025-12-30 18:58:08] Downloading Oregon Administrative Rules...
[2025-12-30 18:58:08]   Downloading OAR Chapter 137: Public Contracting Rules
[2025-12-30 18:58:08]     ✓ Downloaded 5645 bytes
[2025-12-30 18:58:09]   Downloading OAR Chapter 659: Civil Rights Division
[2025-12-30 18:58:09]     ✓ Downloaded 5608 bytes
[2025-12-30 18:58:10]   Downloading OAR Chapter 813: Housing and Community Services
[2025-12-30 18:58:11]     ✓ Downloaded 33179 bytes
[2025-12-30 18:58:13] Downloading Executive Orders...
[2025-12-30 18:58:15]   Found 316 executive order PDFs
[2025-12-30 18:58:15]     Downloading eo-25-31.pdf...
[2025-12-30 18:58:17]       ✓ Extracted text
[2025-12-30 18:58:17]     Downloading eo-25-30.pdf...
[2025-12-30 18:58:20]       ✓ Extracted text
[2025-12-30 18:58:20]     Downloading eo-25-29.pdf...
[2025-12-30 18:58:28]       ✓ Extracted text
[2025-12-30 18:58:28]     Downloading eo-25-28.pdf...
[2025-12-30 18:58:31]       ✓ Extracted text
[2025-12-30 18:58:32]     Downloading eo-25-27.pdf...
[2025-12-30 18:58:34]       ✓ Extracted text
[2025-12-30 18:58:35]     Downloading eo-25-26.pdf...
[2025-12-30 18:58:44]       ✓ Extracted text
[2025-12-30 18:58:44]     Downloading eo-25-25.pdf...
[2025-12-30 18:58:48]       ✓ Extracted text
[2025-12-30 18:58:48]     Downloading eo-25-24.pdf...
[2025-12-30 18:58:50]       ✓ Extracted text
[2025-12-30 18:58:51]     Downloading eo-25-23.pdf...
[2025-12-30 18:58:53]       ✓ Extracted text
[2025-12-30 18:58:53]     Downloading eo-25-22.pdf...
[2025-12-30 18:58:55]       ✓ Extracted text
[2025-12-30 18:58:56]     Downloading eo-25-21.pdf...
[2025-12-30 18:58:58]       ✓ Extracted text
[2025-12-30 18:58:59]     Downloading eo-25-20.pdf...
[2025-12-30 18:59:00]       ✓ Extracted text
[2025-12-30 18:59:01]     Downloading eo-25-19.pdf...
[2025-12-30 18:59:03]       ✓ Extracted text
[2025-12-30 18:59:04]     Downloading eo-25-18.pdf...
[2025-12-30 18:59:04]       ✓ Extracted text
[2025-12-30 18:59:05]     Downloading eo-25-17.pdf...
[2025-12-30 18:59:07]       ✓ Extracted text
[2025-12-30 18:59:07]     Downloading eo-25-16.pdf...
[2025-12-30 18:59:09]       ✓ Extracted text
[2025-12-30 18:59:10]     Downloading eo-25-15.pdf...
[2025-12-30 18:59:12]       ✓ Extracted text
[2025-12-30 18:59:12]     Downloading eo-25-14.pdf...
[2025-12-30 18:59:14]       ✓ Extracted text
[2025-12-30 18:59:14]     Downloading eo-25-13.pdf...
[2025-12-30 18:59:16]       ✓ Extracted text
[2025-12-30 18:59:17]     Downloading eo-25-12.pdf...
[2025-12-30 18:59:18]       ✓ Extracted text
[2025-12-30 18:59:19]     Downloading eo-25-11.pdf...
[2025-12-30 18:59:21]       ✓ Extracted text
[2025-12-30 18:59:21]     Downloading eo-25-10.pdf...
[2025-12-30 18:59:23]       ✓ Extracted text
[2025-12-30 18:59:23]     Downloading eo-25-09.pdf...
[2025-12-30 18:59:26]       ✓ Extracted text
[2025-12-30 18:59:26]     Downloading eo-25-08.pdf...
[2025-12-30 18:59:29]       ✓ Extracted text
[2025-12-30 18:59:30]     Downloading eo-25-07.pdf...
[2025-12-30 18:59:31]       ✓ Extracted text
[2025-12-30 18:59:32]     Downloading eo-25-06.pdf...
[2025-12-30 18:59:33]       ✓ Extracted text
[2025-12-30 18:59:34]     Downloading eo-25-05.pdf...
[2025-12-30 18:59:36]       ✓ Extracted text
[2025-12-30 18:59:37]     Downloading eo-25-04.pdf...
[2025-12-30 18:59:38]       ✓ Extracted text
[2025-12-30 18:59:39]     Downloading eo-25-03.pdf...
[2025-12-30 18:59:40]       ✓ Extracted text
[2025-12-30 18:59:40]     Downloading eo-25-02.pdf...
[2025-12-30 18:59:43]       ✓ Extracted text
[2025-12-30 18:59:44] Searching Oregon agency websites...
[2025-12-30 18:59:44]   Accessing OHCS_Homepage...
[2025-12-30 18:59:48]     ✓ Downloaded
[2025-12-30 18:59:48]   Accessing OHCS_Public_Housing...
[2025-12-30 18:59:51]     ✓ Downloaded
[2025-12-30 18:59:51]   Accessing OHCS_Compliance...
[2025-12-30 18:59:54]     ✓ Downloaded
[2025-12-30 18:59:54]   Accessing BOLI_Homepage...
[2025-12-30 18:59:58]     ✓ Downloaded
[2025-12-30 18:59:58]   Accessing BOLI_Civil_Rights...
[2025-12-30 19:00:02]     ✓ Downloaded
[2025-12-30 19:00:02]   Accessing BOLI_Employment_Discrimination...
[2025-12-30 19:00:05]     ✓ Downloaded
[2025-12-30 19:00:05]   Accessing DAS_Procurement...
[2025-12-30 19:00:09]     ✓ Downloaded
[2025-12-30 19:00:09] Downloading federal HUD requirements...
[2025-12-30 19:00:09]   Downloading HUD_Fair_Housing_Act...
[2025-12-30 19:00:11]     ✓ Downloaded
[2025-12-30 19:00:12]   Downloading HUD_Section3...
[2025-12-30 19:00:13]     ✗ HTTP 404
[2025-12-30 19:00:14] Research complete. Collected 48 documents.
[2025-12-30 19:00:14] Starting document analysis...
[2025-12-30 19:00:14]   ✓ Found 3 unique DEI terms in ORS_Chapter_183_Administrative_Procedures_Act.html (75 total occurrences)
[2025-12-30 19:00:14]   ✓ Found 8 unique DEI terms in ORS_Chapter_279A_Public_Contracting___General.html (63 total occurrences)
[2025-12-30 19:00:14]   ✓ Found 4 unique DEI terms in ORS_Chapter_279B_Public_Contracting___Procurement.html (26 total occurrences)
[2025-12-30 19:00:14]   ✓ Found 10 unique DEI terms in ORS_Chapter_279C_Public_Contracting___Construction.html (101 total occurrences)
[2025-12-30 19:00:14]   ✓ Found 2 unique DEI terms in ORS_Chapter_659_Unlawful_Discrimination.html (102 total occurrences)
[2025-12-30 19:00:14]   ✓ Found 7 unique DEI terms in ORS_Chapter_659A_Discrimination_Definitions_and_Procedures.html (119 total occurrences)
[2025-12-30 19:00:14]   ✓ Found 7 unique DEI terms in ORS_Chapter_456_Housing_Authorities.html (169 total occurrences)
[2025-12-30 19:00:14]   ✓ Found 1 unique DEI terms in OAR_Chapter_813_Housing_and_Community_Services.html (11 total occurrences)
[2025-12-30 19:00:14]   ✓ Found 1 unique DEI terms in eo-25-31.pdf.txt (2 total occurrences)
[2025-12-30 19:00:14]   ✓ Found 1 unique DEI terms in OHCS_Homepage.html (2 total occurrences)
[2025-12-30 19:00:14]   ✓ Found 1 unique DEI terms in OHCS_Public_Housing.html (9 total occurrences)
[2025-12-30 19:00:14]   ✓ Found 1 unique DEI terms in OHCS_Compliance.html (9 total occurrences)
[2025-12-30 19:00:14]   ✓ Found 1 unique DEI terms in BOLI_Homepage.html (2 total occurrences)
[2025-12-30 19:00:14]   ✓ Found 2 unique DEI terms in BOLI_Civil_Rights.html (3 total occurrences)
[2025-12-30 19:00:14]   ✓ Found 1 unique DEI terms in BOLI_Employment_Discrimination.html (2 total occurrences)
[2025-12-30 19:00:14]   ✓ Found 4 unique DEI terms in DAS_Procurement.html (6 total occurrences)
[2025-12-30 19:00:14]   ✓ Found 1 unique DEI terms in HUD_Fair_Housing_Act.html (2 total occurrences)
[2025-12-30 19:00:14] Analysis complete. Found DEI terms in 17 documents.
[2025-12-30 19:00:14] Generating detailed report...
[2025-12-30 19:00:14] Report generation complete

====================================================================================================
RESEARCH COMPLETE
====================================================================================================

Results:
  • Documents collected: 48
  • Documents with DEI terms: 17
  • Total DEI occurrences: 703

Top 5 Most Relevant Documents:
    1. Oregon Revised Statutes - Chapter 456 (Score: 169)
    2. Oregon Revised Statutes - Chapter 659A (Score: 119)
    3. Oregon Revised Statutes - Chapter 659 (Score: 102)
    4. Oregon Revised Statutes - Chapter 279C (Score: 101)
    5. Oregon Revised Statutes - Chapter 183 (Score: 75)

Output files:
  • /home/barberb/Housing Authority of Clackamas County/research_data/analysis/comprehensive_report.txt
  • /home/barberb/Housing Authority of Clackamas County/research_data/analysis/dei_findings.json
  • /home/barberb/Housing Authority of Clackamas County/research_data/analysis/findings_summary.csv
  • /home/barberb/Housing Authority of Clackamas County/research_data/analysis/research_log.txt

