================================================================================
OREGON DEI RESEARCH - Housing Authority of Clackamas County
================================================================================

[2025-12-30 18:49:47] Starting Playwright-based research...
[2025-12-30 18:49:47] Searching Oregon Revised Statutes...
[2025-12-30 18:49:49]   Checking ORS 183: Administrative Procedures Act
[2025-12-30 18:49:52]   Checking ORS 279A: Public Contracting - General Provisions
[2025-12-30 18:49:56]   Checking ORS 279B: Public Contracting - Procurement
[2025-12-30 18:49:59]   Checking ORS 659: Unlawful Discrimination in Employment, Public Accommodations and Real Property
[2025-12-30 18:50:02]   Checking ORS 659A: Discrimination
[2025-12-30 18:50:06]   Checking ORS 456: Housing Authorities
[2025-12-30 18:50:09]   Checking ORS 90: Residential Landlord and Tenant
[2025-12-30 18:50:12] Searching Oregon Administrative Rules...
[2025-12-30 18:50:13]   Checking OAR Chapter 137: Public Contracting
[2025-12-30 18:50:13]   Checking OAR Chapter 659: Civil Rights Division
[2025-12-30 18:50:13]   Checking OAR Chapter 813: Housing and Community Services Department
[2025-12-30 18:50:13] Searching Oregon Housing and Community Services...
[2025-12-30 18:50:28] Searching Oregon Bureau of Labor and Industries...
[2025-12-30 18:50:39] Searching Governor's Executive Orders...
[2025-12-30 18:50:44]   Error accessing executive order https://www.oregon.gov/gov/eo/eo-25-31.pdf: Page.goto: Download is starting
Call log:
  - navigating to "https://www.oregon.gov/gov/eo/eo-25-31.pdf", waiting until "load"

[2025-12-30 18:50:44]   Error accessing executive order https://www.oregon.gov/gov/eo/eo-25-30.pdf: Page.goto: Download is starting
Call log:
  - navigating to "https://www.oregon.gov/gov/eo/eo-25-30.pdf", waiting until "load"

[2025-12-30 18:50:44]   Error accessing executive order https://www.oregon.gov/gov/eo/eo-25-29.pdf: Page.goto: Download is starting
Call log:
  - navigating to "https://www.oregon.gov/gov/eo/eo-25-29.pdf", waiting until "load"

[2025-12-30 18:50:44]   Error accessing executive order https://www.oregon.gov/gov/eo/eo-25-28.pdf: Page.goto: Download is starting
Call log:
  - navigating to "https://www.oregon.gov/gov/eo/eo-25-28.pdf", waiting until "load"

[2025-12-30 18:50:45]   Error accessing executive order https://www.oregon.gov/gov/eo/eo-25-27.pdf: Page.goto: Download is starting
Call log:
  - navigating to "https://www.oregon.gov/gov/eo/eo-25-27.pdf", waiting until "load"

[2025-12-30 18:50:45]   Error accessing executive order https://www.oregon.gov/gov/eo/eo-25-26.pdf: Page.goto: Download is starting
Call log:
  - navigating to "https://www.oregon.gov/gov/eo/eo-25-26.pdf", waiting until "load"

[2025-12-30 18:50:45]   Error accessing executive order https://www.oregon.gov/gov/eo/eo-25-25.pdf: Page.goto: Download is starting
Call log:
  - navigating to "https://www.oregon.gov/gov/eo/eo-25-25.pdf", waiting until "load"

[2025-12-30 18:50:46]   Error accessing executive order https://www.oregon.gov/gov/eo/eo-25-24.pdf: Page.goto: Download is starting
Call log:
  - navigating to "https://www.oregon.gov/gov/eo/eo-25-24.pdf", waiting until "load"

[2025-12-30 18:50:46]   Error accessing executive order https://www.oregon.gov/gov/eo/eo-25-23.pdf: Page.goto: Download is starting
Call log:
  - navigating to "https://www.oregon.gov/gov/eo/eo-25-23.pdf", waiting until "load"

[2025-12-30 18:50:46]   Error accessing executive order https://www.oregon.gov/gov/eo/eo-25-22.pdf: Page.goto: Download is starting
Call log:
  - navigating to "https://www.oregon.gov/gov/eo/eo-25-22.pdf", waiting until "load"

[2025-12-30 18:50:46]   Error accessing executive order https://www.oregon.gov/gov/eo/eo-25-21.pdf: Page.goto: Download is starting
Call log:
  - navigating to "https://www.oregon.gov/gov/eo/eo-25-21.pdf", waiting until "load"

[2025-12-30 18:50:46]   Error accessing executive order https://www.oregon.gov/gov/eo/eo-25-20.pdf: Page.goto: Download is starting
Call log:
  - navigating to "https://www.oregon.gov/gov/eo/eo-25-20.pdf", waiting until "load"

[2025-12-30 18:50:47]   Error accessing executive order https://www.oregon.gov/gov/eo/eo-25-19.pdf: Page.goto: Download is starting
Call log:
  - navigating to "https://www.oregon.gov/gov/eo/eo-25-19.pdf", waiting until "load"

[2025-12-30 18:50:47]   Error accessing executive order https://www.oregon.gov/gov/eo/eo-25-18.pdf: Page.goto: Download is starting
Call log:
  - navigating to "https://www.oregon.gov/gov/eo/eo-25-18.pdf", waiting until "load"

[2025-12-30 18:50:47]   Error accessing executive order https://www.oregon.gov/gov/eo/eo-25-17.pdf: Page.goto: Download is starting
Call log:
  - navigating to "https://www.oregon.gov/gov/eo/eo-25-17.pdf", waiting until "load"

[2025-12-30 18:50:48]   Error accessing executive order https://www.oregon.gov/gov/eo/eo-25-16.pdf: Page.goto: Download is starting
Call log:
  - navigating to "https://www.oregon.gov/gov/eo/eo-25-16.pdf", waiting until "load"

[2025-12-30 18:50:48]   Error accessing executive order https://www.oregon.gov/gov/eo/eo-25-15.pdf: Page.goto: Download is starting
Call log:
  - navigating to "https://www.oregon.gov/gov/eo/eo-25-15.pdf", waiting until "load"

[2025-12-30 18:50:48]   Error accessing executive order https://www.oregon.gov/gov/eo/eo-25-14.pdf: Page.goto: Download is starting
Call log:
  - navigating to "https://www.oregon.gov/gov/eo/eo-25-14.pdf", waiting until "load"

[2025-12-30 18:50:48]   Error accessing executive order https://www.oregon.gov/gov/eo/eo-25-13.pdf: Page.goto: Download is starting
Call log:
  - navigating to "https://www.oregon.gov/gov/eo/eo-25-13.pdf", waiting until "load"

[2025-12-30 18:50:49]   Error accessing executive order https://www.oregon.gov/gov/eo/eo-25-12.pdf: Page.goto: Download is starting
Call log:
  - navigating to "https://www.oregon.gov/gov/eo/eo-25-12.pdf", waiting until "load"

[2025-12-30 18:50:49]   Error accessing executive order https://www.oregon.gov/gov/eo/eo-25-11.pdf: Page.goto: Download is starting
Call log:
  - navigating to "https://www.oregon.gov/gov/eo/eo-25-11.pdf", waiting until "load"

[2025-12-30 18:50:49]   Error accessing executive order https://www.oregon.gov/gov/eo/eo-25-10.pdf: Page.goto: Download is starting
Call log:
  - navigating to "https://www.oregon.gov/gov/eo/eo-25-10.pdf", waiting until "load"

[2025-12-30 18:50:50]   Error accessing executive order https://www.oregon.gov/gov/eo/eo-25-09.pdf: Page.goto: Download is starting
Call log:
  - navigating to "https://www.oregon.gov/gov/eo/eo-25-09.pdf", waiting until "load"

[2025-12-30 18:50:50]   Error accessing executive order https://www.oregon.gov/gov/eo/eo-25-08.pdf: Page.goto: Download is starting
Call log:
  - navigating to "https://www.oregon.gov/gov/eo/eo-25-08.pdf", waiting until "load"

[2025-12-30 18:50:50]   Error accessing executive order https://www.oregon.gov/gov/eo/eo-25-07.pdf: Page.goto: Download is starting
Call log:
  - navigating to "https://www.oregon.gov/gov/eo/eo-25-07.pdf", waiting until "load"

[2025-12-30 18:50:50]   Error accessing executive order https://www.oregon.gov/gov/eo/eo-25-06.pdf: Page.goto: Download is starting
Call log:
  - navigating to "https://www.oregon.gov/gov/eo/eo-25-06.pdf", waiting until "load"

[2025-12-30 18:50:50]   Error accessing executive order https://www.oregon.gov/gov/eo/eo-25-05.pdf: Page.goto: Download is starting
Call log:
  - navigating to "https://www.oregon.gov/gov/eo/eo-25-05.pdf", waiting until "load"

[2025-12-30 18:50:51]   Error accessing executive order https://www.oregon.gov/gov/eo/eo-25-04.pdf: Page.goto: Download is starting
Call log:
  - navigating to "https://www.oregon.gov/gov/eo/eo-25-04.pdf", waiting until "load"

[2025-12-30 18:50:51]   Error accessing executive order https://www.oregon.gov/gov/eo/eo-25-03.pdf: Page.goto: Download is starting
Call log:
  - navigating to "https://www.oregon.gov/gov/eo/eo-25-03.pdf", waiting until "load"

[2025-12-30 18:50:51]   Error accessing executive order https://www.oregon.gov/gov/eo/eo-25-02.pdf: Page.goto: Download is starting
Call log:
  - navigating to "https://www.oregon.gov/gov/eo/eo-25-02.pdf", waiting until "load"

[2025-12-30 18:50:51]   Error accessing executive order https://www.oregon.gov/gov/eo/eo-25-01.pdf: Page.goto: Download is starting
Call log:
  - navigating to "https://www.oregon.gov/gov/eo/eo-25-01.pdf", waiting until "load"

[2025-12-30 18:50:52]   Error accessing executive order https://www.oregon.gov/gov/eo/eo-24-31.pdf: Page.goto: Download is starting
Call log:
  - navigating to "https://www.oregon.gov/gov/eo/eo-24-31.pdf", waiting until "load"

[2025-12-30 18:50:52]   Error accessing executive order https://www.oregon.gov/gov/eo/eo-24-30.pdf: Page.goto: Download is starting
Call log:
  - navigating to "https://www.oregon.gov/gov/eo/eo-24-30.pdf", waiting until "load"

[2025-12-30 18:50:52]   Error accessing executive order https://www.oregon.gov/gov/eo/eo-24-29.pdf: Page.goto: Download is starting
Call log:
  - navigating to "https://www.oregon.gov/gov/eo/eo-24-29.pdf", waiting until "load"

[2025-12-30 18:50:52]   Error accessing executive order https://www.oregon.gov/gov/eo/eo-24-28.pdf: Page.goto: Download is starting
Call log:
  - navigating to "https://www.oregon.gov/gov/eo/eo-24-28.pdf", waiting until "load"

[2025-12-30 18:50:52]   Error accessing executive order https://www.oregon.gov/gov/eo/eo-24-27.pdf: Page.goto: Download is starting
Call log:
  - navigating to "https://www.oregon.gov/gov/eo/eo-24-27.pdf", waiting until "load"

[2025-12-30 18:50:53]   Error accessing executive order https://www.oregon.gov/gov/eo/eo-24-26.pdf: Page.goto: Download is starting
Call log:
  - navigating to "https://www.oregon.gov/gov/eo/eo-24-26.pdf", waiting until "load"

[2025-12-30 18:50:53]   Error accessing executive order https://www.oregon.gov/gov/eo/eo-24-25.pdf: Page.goto: Download is starting
Call log:
  - navigating to "https://www.oregon.gov/gov/eo/eo-24-25.pdf", waiting until "load"

[2025-12-30 18:50:53]   Error accessing executive order https://www.oregon.gov/gov/eo/eo-24-24.pdf: Page.goto: Download is starting
Call log:
  - navigating to "https://www.oregon.gov/gov/eo/eo-24-24.pdf", waiting until "load"

[2025-12-30 18:50:53]   Error accessing executive order https://www.oregon.gov/gov/eo/eo-24-23.pdf: Page.goto: Download is starting
Call log:
  - navigating to "https://www.oregon.gov/gov/eo/eo-24-23.pdf", waiting until "load"

[2025-12-30 18:50:53]   Error accessing executive order https://www.oregon.gov/gov/eo/eo-24-22.pdf: Page.goto: Download is starting
Call log:
  - navigating to "https://www.oregon.gov/gov/eo/eo-24-22.pdf", waiting until "load"

[2025-12-30 18:50:54]   Error accessing executive order https://www.oregon.gov/gov/eo/eo-24-21.pdf: Page.goto: Download is starting
Call log:
  - navigating to "https://www.oregon.gov/gov/eo/eo-24-21.pdf", waiting until "load"

[2025-12-30 18:50:54]   Error accessing executive order https://www.oregon.gov/gov/eo/eo-24-20.pdf: Page.goto: Download is starting
Call log:
  - navigating to "https://www.oregon.gov/gov/eo/eo-24-20.pdf", waiting until "load"

[2025-12-30 18:50:54]   Error accessing executive order https://www.oregon.gov/gov/eo/eo-24-19.pdf: Page.goto: Download is starting
Call log:
  - navigating to "https://www.oregon.gov/gov/eo/eo-24-19.pdf", waiting until "load"

[2025-12-30 18:50:54]   Error accessing executive order https://www.oregon.gov/gov/eo/eo-24-18.pdf: Page.goto: Download is starting
Call log:
  - navigating to "https://www.oregon.gov/gov/eo/eo-24-18.pdf", waiting until "load"

[2025-12-30 18:50:54]   Error accessing executive order https://www.oregon.gov/gov/eo/eo-24-17.pdf: Page.goto: Download is starting
Call log:
  - navigating to "https://www.oregon.gov/gov/eo/eo-24-17.pdf", waiting until "load"

[2025-12-30 18:50:55]   Error accessing executive order https://www.oregon.gov/gov/eo/eo-24-16.pdf: Page.goto: Download is starting
Call log:
  - navigating to "https://www.oregon.gov/gov/eo/eo-24-16.pdf", waiting until "load"

[2025-12-30 18:50:55]   Error accessing executive order https://www.oregon.gov/gov/eo/eo-24-15.pdf: Page.goto: Download is starting
Call log:
  - navigating to "https://www.oregon.gov/gov/eo/eo-24-15.pdf", waiting until "load"

[2025-12-30 18:50:55]   Error accessing executive order https://www.oregon.gov/gov/eo/eo-24-15 (amended).pdf: Page.goto: Download is starting
Call log:
  - navigating to "https://www.oregon.gov/gov/eo/eo-24-15%20(amended).pdf", waiting until "load"

[2025-12-30 18:50:55]   Error accessing executive order https://www.oregon.gov/gov/eo/eo-24-14.pdf: Page.goto: Download is starting
Call log:
  - navigating to "https://www.oregon.gov/gov/eo/eo-24-14.pdf", waiting until "load"

[2025-12-30 18:50:55]   Error accessing executive order https://www.oregon.gov/gov/eo/eo-24-13.pdf: Page.goto: Download is starting
Call log:
  - navigating to "https://www.oregon.gov/gov/eo/eo-24-13.pdf", waiting until "load"

[2025-12-30 18:50:55]   Error accessing executive order https://www.oregon.gov/gov/eo/eo-24-12.pdf: Page.goto: Download is starting
Call log:
  - navigating to "https://www.oregon.gov/gov/eo/eo-24-12.pdf", waiting until "load"

[2025-12-30 18:50:56]   Error accessing executive order https://www.oregon.gov/gov/eo/eo-24-11.pdf: Page.goto: Download is starting
Call log:
  - navigating to "https://www.oregon.gov/gov/eo/eo-24-11.pdf", waiting until "load"

[2025-12-30 18:50:56]   Error accessing executive order https://www.oregon.gov/gov/eo/eo-24-10.pdf: Page.goto: Download is starting
Call log:
  - navigating to "https://www.oregon.gov/gov/eo/eo-24-10.pdf", waiting until "load"

[2025-12-30 18:50:56]   Error accessing executive order https://www.oregon.gov/gov/eo/eo-24-09.pdf: Page.goto: Download is starting
Call log:
  - navigating to "https://www.oregon.gov/gov/eo/eo-24-09.pdf", waiting until "load"

[2025-12-30 18:50:56]   Error accessing executive order https://www.oregon.gov/gov/eo/eo-24-08.pdf: Page.goto: Download is starting
Call log:
  - navigating to "https://www.oregon.gov/gov/eo/eo-24-08.pdf", waiting until "load"

[2025-12-30 18:50:57]   Error accessing executive order https://www.oregon.gov/gov/eo/eo-24-07.pdf: Page.goto: Download is starting
Call log:
  - navigating to "https://www.oregon.gov/gov/eo/eo-24-07.pdf", waiting until "load"

[2025-12-30 18:50:57]   Error accessing executive order https://www.oregon.gov/gov/eo/eo-24-06.pdf: Page.goto: Download is starting
Call log:
  - navigating to "https://www.oregon.gov/gov/eo/eo-24-06.pdf", waiting until "load"

[2025-12-30 18:50:57]   Error accessing executive order https://www.oregon.gov/gov/eo/eo-24-05.pdf: Page.goto: Download is starting
Call log:
  - navigating to "https://www.oregon.gov/gov/eo/eo-24-05.pdf", waiting until "load"

[2025-12-30 18:50:58]   Error accessing executive order https://www.oregon.gov/gov/eo/eo-24-04.pdf: Page.goto: Download is starting
Call log:
  - navigating to "https://www.oregon.gov/gov/eo/eo-24-04.pdf", waiting until "load"

[2025-12-30 18:50:58]   Error accessing executive order https://www.oregon.gov/gov/eo/eo-24-03.pdf: Page.goto: Download is starting
Call log:
  - navigating to "https://www.oregon.gov/gov/eo/eo-24-03.pdf", waiting until "load"

[2025-12-30 18:50:58]   Error accessing executive order https://www.oregon.gov/gov/eo/eo-24-02.pdf: Page.goto: Download is starting
Call log:
  - navigating to "https://www.oregon.gov/gov/eo/eo-24-02.pdf", waiting until "load"

[2025-12-30 18:50:59]   Error accessing executive order https://www.oregon.gov/gov/eo/eo-24-01.pdf: Page.goto: Download is starting
Call log:
  - navigating to "https://www.oregon.gov/gov/eo/eo-24-01.pdf", waiting until "load"

[2025-12-30 18:50:59]   Error accessing executive order https://www.oregon.gov/gov/eo/eo-23-26.pdf: Page.goto: Download is starting
Call log:
  - navigating to "https://www.oregon.gov/gov/eo/eo-23-26.pdf", waiting until "load"

[2025-12-30 18:50:59]   Error accessing executive order https://www.oregon.gov/gov/eo/eo-23-25.pdf: Page.goto: Download is starting
Call log:
  - navigating to "https://www.oregon.gov/gov/eo/eo-23-25.pdf", waiting until "load"

[2025-12-30 18:50:59]   Error accessing executive order https://www.oregon.gov/gov/eo/eo-23-24.pdf: Page.goto: Download is starting
Call log:
  - navigating to "https://www.oregon.gov/gov/eo/eo-23-24.pdf", waiting until "load"

[2025-12-30 18:50:59]   Error accessing executive order https://www.oregon.gov/gov/eo/eo-23-23.pdf: Page.goto: Download is starting
Call log:
  - navigating to "https://www.oregon.gov/gov/eo/eo-23-23.pdf", waiting until "load"

[2025-12-30 18:51:00]   Error accessing executive order https://www.oregon.gov/gov/eo/eo-23-22.pdf: Page.goto: Download is starting
Call log:
  - navigating to "https://www.oregon.gov/gov/eo/eo-23-22.pdf", waiting until "load"

[2025-12-30 18:51:00]   Error accessing executive order https://www.oregon.gov/gov/eo/eo-23-21.pdf: Page.goto: Download is starting
Call log:
  - navigating to "https://www.oregon.gov/gov/eo/eo-23-21.pdf", waiting until "load"

[2025-12-30 18:51:00]   Error accessing executive order https://www.oregon.gov/gov/eo/eo-23-20.pdf: Page.goto: Download is starting
Call log:
  - navigating to "https://www.oregon.gov/gov/eo/eo-23-20.pdf", waiting until "load"

[2025-12-30 18:51:00]   Error accessing executive order https://www.oregon.gov/gov/eo/eo-23-19.pdf: Page.goto: Download is starting
Call log:
  - navigating to "https://www.oregon.gov/gov/eo/eo-23-19.pdf", waiting until "load"

[2025-12-30 18:51:01]   Error accessing executive order https://www.oregon.gov/gov/eo/eo-23-18.pdf: Page.goto: Download is starting
Call log:
  - navigating to "https://www.oregon.gov/gov/eo/eo-23-18.pdf", waiting until "load"

[2025-12-30 18:51:01]   Error accessing executive order https://www.oregon.gov/gov/eo/eo-23-17.pdf: Page.goto: Download is starting
Call log:
  - navigating to "https://www.oregon.gov/gov/eo/eo-23-17.pdf", waiting until "load"

[2025-12-30 18:51:01]   Error accessing executive order https://www.oregon.gov/gov/eo/eo-23-16.pdf: Page.goto: Download is starting
Call log:
  - navigating to "https://www.oregon.gov/gov/eo/eo-23-16.pdf", waiting until "load"

[2025-12-30 18:51:01]   Error accessing executive order https://www.oregon.gov/gov/eo/eo-23-15.pdf: Page.goto: Download is starting
Call log:
  - navigating to "https://www.oregon.gov/gov/eo/eo-23-15.pdf", waiting until "load"

[2025-12-30 18:51:01]   Error accessing executive order https://www.oregon.gov/gov/eo/eo-23-14.pdf: Page.goto: Download is starting
Call log:
  - navigating to "https://www.oregon.gov/gov/eo/eo-23-14.pdf", waiting until "load"

[2025-12-30 18:51:02]   Error accessing executive order https://www.oregon.gov/gov/eo/eo-23-13.pdf: Page.goto: Download is starting
Call log:
  - navigating to "https://www.oregon.gov/gov/eo/eo-23-13.pdf", waiting until "load"

[2025-12-30 18:51:02]   Error accessing executive order https://www.oregon.gov/gov/eo/eo-23-12.pdf: Page.goto: Download is starting
Call log:
  - navigating to "https://www.oregon.gov/gov/eo/eo-23-12.pdf", waiting until "load"

[2025-12-30 18:51:02]   Error accessing executive order https://www.oregon.gov/gov/eo/eo-23-11.pdf: Page.goto: Download is starting
Call log:
  - navigating to "https://www.oregon.gov/gov/eo/eo-23-11.pdf", waiting until "load"

[2025-12-30 18:51:02]   Error accessing executive order https://www.oregon.gov/gov/eo/eo-23-10.pdf: Page.goto: Download is starting
Call log:
  - navigating to "https://www.oregon.gov/gov/eo/eo-23-10.pdf", waiting until "load"

[2025-12-30 18:51:03]   Error accessing executive order https://www.oregon.gov/gov/eo/eo-23-09.pdf: Page.goto: Download is starting
Call log:
  - navigating to "https://www.oregon.gov/gov/eo/eo-23-09.pdf", waiting until "load"

[2025-12-30 18:51:03]   Error accessing executive order https://www.oregon.gov/gov/eo/eo-23-08.pdf: Page.goto: Download is starting
Call log:
  - navigating to "https://www.oregon.gov/gov/eo/eo-23-08.pdf", waiting until "load"

[2025-12-30 18:51:03]   Error accessing executive order https://www.oregon.gov/gov/eo/eo-23-07.pdf: Page.goto: Download is starting
Call log:
  - navigating to "https://www.oregon.gov/gov/eo/eo-23-07.pdf", waiting until "load"

[2025-12-30 18:51:03]   Error accessing executive order https://www.oregon.gov/gov/eo/eo-23-06.pdf: Page.goto: Download is starting
Call log:
  - navigating to "https://www.oregon.gov/gov/eo/eo-23-06.pdf", waiting until "load"

[2025-12-30 18:51:03]   Error accessing executive order https://www.oregon.gov/gov/eo/eo-23-05.pdf: Page.goto: Download is starting
Call log:
  - navigating to "https://www.oregon.gov/gov/eo/eo-23-05.pdf", waiting until "load"

[2025-12-30 18:51:03]   Error accessing executive order https://www.oregon.gov/gov/eo/eo-23-04.pdf: Page.goto: Download is starting
Call log:
  - navigating to "https://www.oregon.gov/gov/eo/eo-23-04.pdf", waiting until "load"

[2025-12-30 18:51:04]   Error accessing executive order https://www.oregon.gov/gov/eo/eo-23-03.pdf: Page.goto: Download is starting
Call log:
  - navigating to "https://www.oregon.gov/gov/eo/eo-23-03.pdf", waiting until "load"

[2025-12-30 18:51:04]   Error accessing executive order https://www.oregon.gov/gov/eo/eo-23-02.pdf: Page.goto: Download is starting
Call log:
  - navigating to "https://www.oregon.gov/gov/eo/eo-23-02.pdf", waiting until "load"

[2025-12-30 18:51:04]   Error accessing executive order https://www.oregon.gov/gov/eo/eo-21-30.pdf: Page.goto: Download is starting
Call log:
  - navigating to "https://www.oregon.gov/gov/eo/eo-21-30.pdf", waiting until "load"

[2025-12-30 18:51:04]   Error accessing executive order https://www.oregon.gov/gov/eo/eo-21-20.pdf: Page.goto: Download is starting
Call log:
  - navigating to "https://www.oregon.gov/gov/eo/eo-21-20.pdf", waiting until "load"

[2025-12-30 18:51:05]   Error accessing executive order https://www.oregon.gov/gov/eo/eo-21-29.pdf: Page.goto: Download is starting
Call log:
  - navigating to "https://www.oregon.gov/gov/eo/eo-21-29.pdf", waiting until "load"

[2025-12-30 18:51:05]   Error accessing executive order https://www.oregon.gov/gov/eo/eo-21-28.pdf: Page.goto: Download is starting
Call log:
  - navigating to "https://www.oregon.gov/gov/eo/eo-21-28.pdf", waiting until "load"

[2025-12-30 18:51:05]   Error accessing executive order https://www.oregon.gov/gov/eo/eo-21-27.pdf: Page.goto: Download is starting
Call log:
  - navigating to "https://www.oregon.gov/gov/eo/eo-21-27.pdf", waiting until "load"

[2025-12-30 18:51:05]   Error accessing executive order https://www.oregon.gov/gov/eo/eo-21-26.pdf: Page.goto: Download is starting
Call log:
  - navigating to "https://www.oregon.gov/gov/eo/eo-21-26.pdf", waiting until "load"

[2025-12-30 18:51:06]   Error accessing executive order https://www.oregon.gov/gov/eo/eo-21-25.pdf: Page.goto: Download is starting
Call log:
  - navigating to "https://www.oregon.gov/gov/eo/eo-21-25.pdf", waiting until "load"

[2025-12-30 18:51:06]   Error accessing executive order https://www.oregon.gov/gov/eo/eo-21-24.pdf: Page.goto: Download is starting
Call log:
  - navigating to "https://www.oregon.gov/gov/eo/eo-21-24.pdf", waiting until "load"

[2025-12-30 18:51:06]   Error accessing executive order https://www.oregon.gov/gov/eo/eo-21-23.pdf: Page.goto: Download is starting
Call log:
  - navigating to "https://www.oregon.gov/gov/eo/eo-21-23.pdf", waiting until "load"

[2025-12-30 18:51:06]   Error accessing executive order https://www.oregon.gov/gov/eo/eo-21-22.pdf: Page.goto: Download is starting
Call log:
  - navigating to "https://www.oregon.gov/gov/eo/eo-21-22.pdf", waiting until "load"

[2025-12-30 18:51:07]   Error accessing executive order https://www.oregon.gov/gov/eo/eo-21-21.pdf: Page.goto: Download is starting
Call log:
  - navigating to "https://www.oregon.gov/gov/eo/eo-21-21.pdf", waiting until "load"

[2025-12-30 18:51:07]   Error accessing executive order https://www.oregon.gov/gov/eo/eo-21-19.pdf: Page.goto: Download is starting
Call log:
  - navigating to "https://www.oregon.gov/gov/eo/eo-21-19.pdf", waiting until "load"

[2025-12-30 18:51:07]   Error accessing executive order https://www.oregon.gov/gov/eo/eo-21-18.pdf: Page.goto: Download is starting
Call log:
  - navigating to "https://www.oregon.gov/gov/eo/eo-21-18.pdf", waiting until "load"

[2025-12-30 18:51:08]   Error accessing executive order https://www.oregon.gov/gov/eo/eo-21-17.pdf: Page.goto: Download is starting
Call log:
  - navigating to "https://www.oregon.gov/gov/eo/eo-21-17.pdf", waiting until "load"

[2025-12-30 18:51:08]   Error accessing executive order https://www.oregon.gov/gov/eo/eo-21-16.pdf: Page.goto: Download is starting
Call log:
  - navigating to "https://www.oregon.gov/gov/eo/eo-21-16.pdf", waiting until "load"

[2025-12-30 18:51:08]   Error accessing executive order https://www.oregon.gov/gov/eo/eo-21-15.pdf: Page.goto: Download is starting
Call log:
  - navigating to "https://www.oregon.gov/gov/eo/eo-21-15.pdf", waiting until "load"

[2025-12-30 18:51:09]   Error accessing executive order https://www.oregon.gov/gov/eo/eo-21-14.pdf: Page.goto: Download is starting
Call log:
  - navigating to "https://www.oregon.gov/gov/eo/eo-21-14.pdf", waiting until "load"

[2025-12-30 18:51:09]   Error accessing executive order https://www.oregon.gov/gov/eo/eo-21-13.pdf: Page.goto: Download is starting
Call log:
  - navigating to "https://www.oregon.gov/gov/eo/eo-21-13.pdf", waiting until "load"

[2025-12-30 18:51:09]   Error accessing executive order https://www.oregon.gov/gov/eo/eo-21-12.pdf: Page.goto: Download is starting
Call log:
  - navigating to "https://www.oregon.gov/gov/eo/eo-21-12.pdf", waiting until "load"

[2025-12-30 18:51:10]   Error accessing executive order https://www.oregon.gov/gov/eo/eo-21-11.pdf: Page.goto: Download is starting
Call log:
  - navigating to "https://www.oregon.gov/gov/eo/eo-21-11.pdf", waiting until "load"

[2025-12-30 18:51:10]   Error accessing executive order https://www.oregon.gov/gov/eo/eo-21-10.pdf: Page.goto: Download is starting
Call log:
  - navigating to "https://www.oregon.gov/gov/eo/eo-21-10.pdf", waiting until "load"

[2025-12-30 18:51:10]   Error accessing executive order https://www.oregon.gov/gov/eo/eo-21-09.pdf: Page.goto: Download is starting
Call log:
  - navigating to "https://www.oregon.gov/gov/eo/eo-21-09.pdf", waiting until "load"

[2025-12-30 18:51:10]   Error accessing executive order https://www.oregon.gov/gov/eo/eo-21-08.pdf: Page.goto: Download is starting
Call log:
  - navigating to "https://www.oregon.gov/gov/eo/eo-21-08.pdf", waiting until "load"

[2025-12-30 18:51:11]   Error accessing executive order https://www.oregon.gov/gov/eo/eo-21-07.pdf: Page.goto: Download is starting
Call log:
  - navigating to "https://www.oregon.gov/gov/eo/eo-21-07.pdf", waiting until "load"

[2025-12-30 18:51:11]   Error accessing executive order https://www.oregon.gov/gov/eo/eo-21-06.pdf: Page.goto: Download is starting
Call log:
  - navigating to "https://www.oregon.gov/gov/eo/eo-21-06.pdf", waiting until "load"

[2025-12-30 18:51:11]   Error accessing executive order https://www.oregon.gov/gov/eo/eo-21-05.pdf: Page.goto: Download is starting
Call log:
  - navigating to "https://www.oregon.gov/gov/eo/eo-21-05.pdf", waiting until "load"

[2025-12-30 18:51:12]   Error accessing executive order https://www.oregon.gov/gov/eo/eo-21-04.pdf: Page.goto: Download is starting
Call log:
  - navigating to "https://www.oregon.gov/gov/eo/eo-21-04.pdf", waiting until "load"

[2025-12-30 18:51:12]   Error accessing executive order https://www.oregon.gov/gov/eo/eo-21-03.pdf: Page.goto: Download is starting
Call log:
  - navigating to "https://www.oregon.gov/gov/eo/eo-21-03.pdf", waiting until "load"

[2025-12-30 18:51:12]   Error accessing executive order https://www.oregon.gov/gov/eo/eo-21-02.pdf: Page.goto: Download is starting
Call log:
  - navigating to "https://www.oregon.gov/gov/eo/eo-21-02.pdf", waiting until "load"

[2025-12-30 18:51:13]   Error accessing executive order https://www.oregon.gov/gov/eo/eo-21-01.pdf: Page.goto: Download is starting
Call log:
  - navigating to "https://www.oregon.gov/gov/eo/eo-21-01.pdf", waiting until "load"

[2025-12-30 18:51:13]   Error accessing executive order https://www.oregon.gov/gov/eo/eo-20-67.pdf: Page.goto: Download is starting
Call log:
  - navigating to "https://www.oregon.gov/gov/eo/eo-20-67.pdf", waiting until "load"

[2025-12-30 18:51:13]   Error accessing executive order https://www.oregon.gov/gov/eo/eo-20-66.pdf: Page.goto: Download is starting
Call log:
  - navigating to "https://www.oregon.gov/gov/eo/eo-20-66.pdf", waiting until "load"

[2025-12-30 18:51:14]   Error accessing executive order https://www.oregon.gov/gov/eo/eo-20-65.pdf: Page.goto: Download is starting
Call log:
  - navigating to "https://www.oregon.gov/gov/eo/eo-20-65.pdf", waiting until "load"

[2025-12-30 18:51:14]   Error accessing executive order https://www.oregon.gov/gov/eo/eo-20-64.pdf: Page.goto: Download is starting
Call log:
  - navigating to "https://www.oregon.gov/gov/eo/eo-20-64.pdf", waiting until "load"

[2025-12-30 18:51:14]   Error accessing executive order https://www.oregon.gov/gov/eo/eo-20-63.pdf: Page.goto: Download is starting
Call log:
  - navigating to "https://www.oregon.gov/gov/eo/eo-20-63.pdf", waiting until "load"

[2025-12-30 18:51:14]   Error accessing executive order https://www.oregon.gov/gov/eo/eo-20-62.pdf: Page.goto: Download is starting
Call log:
  - navigating to "https://www.oregon.gov/gov/eo/eo-20-62.pdf", waiting until "load"

[2025-12-30 18:51:15]   Error accessing executive order https://www.oregon.gov/gov/eo/eo-20-61.pdf: Page.goto: Download is starting
Call log:
  - navigating to "https://www.oregon.gov/gov/eo/eo-20-61.pdf", waiting until "load"

[2025-12-30 18:51:15]   Error accessing executive order https://www.oregon.gov/gov/eo/eo-20-60.pdf: Page.goto: Download is starting
Call log:
  - navigating to "https://www.oregon.gov/gov/eo/eo-20-60.pdf", waiting until "load"

[2025-12-30 18:51:15]   Error accessing executive order https://www.oregon.gov/gov/eo/eo-19-09.pdf: Page.goto: Download is starting
Call log:
  - navigating to "https://www.oregon.gov/gov/eo/eo-19-09.pdf", waiting until "load"

[2025-12-30 18:51:15]   Error accessing executive order https://www.oregon.gov/gov/eo/eo-19-04.pdf: Page.goto: Download is starting
Call log:
  - navigating to "https://www.oregon.gov/gov/eo/eo-19-04.pdf", waiting until "load"

[2025-12-30 18:51:15]   Error accessing executive order https://www.oregon.gov/gov/eo/eo-16-12.pdf: Page.goto: Download is starting
Call log:
  - navigating to "https://www.oregon.gov/gov/eo/eo-16-12.pdf", waiting until "load"

[2025-12-30 18:51:15]   Error accessing executive order https://www.oregon.gov/gov/eo/eo-16-11.pdf: Page.goto: Download is starting
Call log:
  - navigating to "https://www.oregon.gov/gov/eo/eo-16-11.pdf", waiting until "load"

[2025-12-30 18:51:16]   Error accessing executive order https://www.oregon.gov/gov/eo/eo-15-18.pdf: Page.goto: Download is starting
Call log:
  - navigating to "https://www.oregon.gov/gov/eo/eo-15-18.pdf", waiting until "load"

[2025-12-30 18:51:16]   Error accessing executive order https://www.oregon.gov/gov/eo/eo-15-17.pdf: Page.goto: Download is starting
Call log:
  - navigating to "https://www.oregon.gov/gov/eo/eo-15-17.pdf", waiting until "load"

[2025-12-30 18:51:16]   Error accessing executive order https://www.oregon.gov/gov/eo/eo-15-16.pdf: Page.goto: Download is starting
Call log:
  - navigating to "https://www.oregon.gov/gov/eo/eo-15-16.pdf", waiting until "load"

[2025-12-30 18:51:16]   Error accessing executive order https://www.oregon.gov/gov/eo/eo-15-15.pdf: Page.goto: Download is starting
Call log:
  - navigating to "https://www.oregon.gov/gov/eo/eo-15-15.pdf", waiting until "load"

[2025-12-30 18:51:16]   Error accessing executive order https://www.oregon.gov/gov/eo/eo-15-14.pdf: Page.goto: Download is starting
Call log:
  - navigating to "https://www.oregon.gov/gov/eo/eo-15-14.pdf", waiting until "load"

[2025-12-30 18:51:16]   Error accessing executive order https://www.oregon.gov/gov/eo/eo-15-13.pdf: Page.goto: Download is starting
Call log:
  - navigating to "https://www.oregon.gov/gov/eo/eo-15-13.pdf", waiting until "load"

[2025-12-30 18:51:16]   Error accessing executive order https://www.oregon.gov/gov/eo/eo-15-12.pdf: Page.goto: Download is starting
Call log:
  - navigating to "https://www.oregon.gov/gov/eo/eo-15-12.pdf", waiting until "load"

[2025-12-30 18:51:17]   Error accessing executive order https://www.oregon.gov/gov/eo/eo-15-11.pdf: Page.goto: Download is starting
Call log:
  - navigating to "https://www.oregon.gov/gov/eo/eo-15-11.pdf", waiting until "load"

[2025-12-30 18:51:17]   Error accessing executive order https://www.oregon.gov/gov/eo/eo-15-10.pdf: Page.goto: Download is starting
Call log:
  - navigating to "https://www.oregon.gov/gov/eo/eo-15-10.pdf", waiting until "load"

[2025-12-30 18:51:17]   Error accessing executive order https://www.oregon.gov/gov/eo/eo-15-09.pdf: Page.goto: Download is starting
Call log:
  - navigating to "https://www.oregon.gov/gov/eo/eo-15-09.pdf", waiting until "load"

[2025-12-30 18:51:17]   Error accessing executive order https://www.oregon.gov/gov/eo/eo-15-08.pdf: Page.goto: Download is starting
Call log:
  - navigating to "https://www.oregon.gov/gov/eo/eo-15-08.pdf", waiting until "load"

[2025-12-30 18:51:17]   Error accessing executive order https://www.oregon.gov/gov/eo/eo-15-07.pdf: Page.goto: Download is starting
Call log:
  - navigating to "https://www.oregon.gov/gov/eo/eo-15-07.pdf", waiting until "load"

[2025-12-30 18:51:17]   Error accessing executive order https://www.oregon.gov/gov/eo/eo-15-06.pdf: Page.goto: Download is starting
Call log:
  - navigating to "https://www.oregon.gov/gov/eo/eo-15-06.pdf", waiting until "load"

[2025-12-30 18:51:17]   Error accessing executive order https://www.oregon.gov/gov/eo/eo-15-05.pdf: Page.goto: Download is starting
Call log:
  - navigating to "https://www.oregon.gov/gov/eo/eo-15-05.pdf", waiting until "load"

[2025-12-30 18:51:18]   Error accessing executive order https://www.oregon.gov/gov/eo/eo-15-04.pdf: Page.goto: Download is starting
Call log:
  - navigating to "https://www.oregon.gov/gov/eo/eo-15-04.pdf", waiting until "load"

[2025-12-30 18:51:18]   Error accessing executive order https://www.oregon.gov/gov/eo/eo-15-03.pdf: Page.goto: Download is starting
Call log:
  - navigating to "https://www.oregon.gov/gov/eo/eo-15-03.pdf", waiting until "load"

[2025-12-30 18:51:18]   Error accessing executive order https://www.oregon.gov/gov/eo/eo-15-02.pdf: Page.goto: Download is starting
Call log:
  - navigating to "https://www.oregon.gov/gov/eo/eo-15-02.pdf", waiting until "load"

[2025-12-30 18:51:18]   Error accessing executive order https://www.oregon.gov/gov/eo/eo-15-01.pdf: Page.goto: Download is starting
Call log:
  - navigating to "https://www.oregon.gov/gov/eo/eo-15-01.pdf", waiting until "load"

[2025-12-30 18:51:18]   Error accessing executive order https://www.oregon.gov/gov/eo/eo-14-16.pdf: Page.goto: Download is starting
Call log:
  - navigating to "https://www.oregon.gov/gov/eo/eo-14-16.pdf", waiting until "load"

[2025-12-30 18:51:19]   Error accessing executive order https://www.oregon.gov/gov/eo/eo-14-15.pdf: Page.goto: Download is starting
Call log:
  - navigating to "https://www.oregon.gov/gov/eo/eo-14-15.pdf", waiting until "load"

[2025-12-30 18:51:19]   Error accessing executive order https://www.oregon.gov/gov/eo/eo-14-14.pdf: Page.goto: Download is starting
Call log:
  - navigating to "https://www.oregon.gov/gov/eo/eo-14-14.pdf", waiting until "load"

[2025-12-30 18:51:19]   Error accessing executive order https://www.oregon.gov/gov/eo/eo-14-13.pdf: Page.goto: Download is starting
Call log:
  - navigating to "https://www.oregon.gov/gov/eo/eo-14-13.pdf", waiting until "load"

[2025-12-30 18:51:19]   Error accessing executive order https://www.oregon.gov/gov/eo/eo-14-12.pdf: Page.goto: Download is starting
Call log:
  - navigating to "https://www.oregon.gov/gov/eo/eo-14-12.pdf", waiting until "load"

[2025-12-30 18:51:19]   Error accessing executive order https://www.oregon.gov/gov/eo/eo-14-11.pdf: Page.goto: Download is starting
Call log:
  - navigating to "https://www.oregon.gov/gov/eo/eo-14-11.pdf", waiting until "load"

[2025-12-30 18:51:19]   Error accessing executive order https://www.oregon.gov/gov/eo/eo-14-10.pdf: Page.goto: Download is starting
Call log:
  - navigating to "https://www.oregon.gov/gov/eo/eo-14-10.pdf", waiting until "load"

[2025-12-30 18:51:19]   Error accessing executive order https://www.oregon.gov/gov/eo/eo-14-09.pdf: Page.goto: Download is starting
Call log:
  - navigating to "https://www.oregon.gov/gov/eo/eo-14-09.pdf", waiting until "load"

[2025-12-30 18:51:20]   Error accessing executive order https://www.oregon.gov/gov/eo/eo-14-08.pdf: Page.goto: Download is starting
Call log:
  - navigating to "https://www.oregon.gov/gov/eo/eo-14-08.pdf", waiting until "load"

[2025-12-30 18:51:20]   Error accessing executive order https://www.oregon.gov/gov/eo/eo-14-07.pdf: Page.goto: Download is starting
Call log:
  - navigating to "https://www.oregon.gov/gov/eo/eo-14-07.pdf", waiting until "load"

[2025-12-30 18:51:20]   Error accessing executive order https://www.oregon.gov/gov/eo/eo-14-06.pdf: Page.goto: Download is starting
Call log:
  - navigating to "https://www.oregon.gov/gov/eo/eo-14-06.pdf", waiting until "load"

[2025-12-30 18:51:20]   Error accessing executive order https://www.oregon.gov/gov/eo/eo-14-05.pdf: Page.goto: Download is starting
Call log:
  - navigating to "https://www.oregon.gov/gov/eo/eo-14-05.pdf", waiting until "load"

[2025-12-30 18:51:20]   Error accessing executive order https://www.oregon.gov/gov/eo/eo-14-04.pdf: Page.goto: Download is starting
Call log:
  - navigating to "https://www.oregon.gov/gov/eo/eo-14-04.pdf", waiting until "load"

[2025-12-30 18:51:21]   Error accessing executive order https://www.oregon.gov/gov/eo/eo-14-03.pdf: Page.goto: Download is starting
Call log:
  - navigating to "https://www.oregon.gov/gov/eo/eo-14-03.pdf", waiting until "load"

[2025-12-30 18:51:21]   Error accessing executive order https://www.oregon.gov/gov/eo/eo-14-02.pdf: Page.goto: Download is starting
Call log:
  - navigating to "https://www.oregon.gov/gov/eo/eo-14-02.pdf", waiting until "load"

[2025-12-30 18:51:21]   Error accessing executive order https://www.oregon.gov/gov/eo/eo-14-01.pdf: Page.goto: Download is starting
Call log:
  - navigating to "https://www.oregon.gov/gov/eo/eo-14-01.pdf", waiting until "load"

[2025-12-30 18:51:21]   Error accessing executive order https://www.oregon.gov/gov/eo/eo-13-14.pdf: Page.goto: Download is starting
Call log:
  - navigating to "https://www.oregon.gov/gov/eo/eo-13-14.pdf", waiting until "load"

[2025-12-30 18:51:22]   Error accessing executive order https://www.oregon.gov/gov/eo/eo-13-13.pdf: Page.goto: Download is starting
Call log:
  - navigating to "https://www.oregon.gov/gov/eo/eo-13-13.pdf", waiting until "load"

[2025-12-30 18:51:22]   Error accessing executive order https://www.oregon.gov/gov/eo/eo-13-12.pdf: Page.goto: Download is starting
Call log:
  - navigating to "https://www.oregon.gov/gov/eo/eo-13-12.pdf", waiting until "load"

[2025-12-30 18:51:22]   Error accessing executive order https://www.oregon.gov/gov/eo/eo-13-11.pdf: Page.goto: Download is starting
Call log:
  - navigating to "https://www.oregon.gov/gov/eo/eo-13-11.pdf", waiting until "load"

[2025-12-30 18:51:22]   Error accessing executive order https://www.oregon.gov/gov/eo/eo-13-10.pdf: Page.goto: Download is starting
Call log:
  - navigating to "https://www.oregon.gov/gov/eo/eo-13-10.pdf", waiting until "load"

[2025-12-30 18:51:22]   Error accessing executive order https://www.oregon.gov/gov/eo/eo-13-09.pdf: Page.goto: Download is starting
Call log:
  - navigating to "https://www.oregon.gov/gov/eo/eo-13-09.pdf", waiting until "load"

[2025-12-30 18:51:23]   Error accessing executive order https://www.oregon.gov/gov/eo/eo-13-08.pdf: Page.goto: Download is starting
Call log:
  - navigating to "https://www.oregon.gov/gov/eo/eo-13-08.pdf", waiting until "load"

[2025-12-30 18:51:23]   Error accessing executive order https://www.oregon.gov/gov/eo/eo-13-07.pdf: Page.goto: Download is starting
Call log:
  - navigating to "https://www.oregon.gov/gov/eo/eo-13-07.pdf", waiting until "load"

[2025-12-30 18:51:23]   Error accessing executive order https://www.oregon.gov/gov/eo/eo-13-06.pdf: Page.goto: Download is starting
Call log:
  - navigating to "https://www.oregon.gov/gov/eo/eo-13-06.pdf", waiting until "load"

[2025-12-30 18:51:23]   Error accessing executive order https://www.oregon.gov/gov/eo/eo-13-05.pdf: Page.goto: Download is starting
Call log:
  - navigating to "https://www.oregon.gov/gov/eo/eo-13-05.pdf", waiting until "load"

[2025-12-30 18:51:23]   Error accessing executive order https://www.oregon.gov/gov/eo/eo-13-04.pdf: Page.goto: Download is starting
Call log:
  - navigating to "https://www.oregon.gov/gov/eo/eo-13-04.pdf", waiting until "load"

[2025-12-30 18:51:24]   Error accessing executive order https://www.oregon.gov/gov/eo/eo-13-03.pdf: Page.goto: Download is starting
Call log:
  - navigating to "https://www.oregon.gov/gov/eo/eo-13-03.pdf", waiting until "load"

[2025-12-30 18:51:24]   Error accessing executive order https://www.oregon.gov/gov/eo/eo-13-02.pdf: Page.goto: Download is starting
Call log:
  - navigating to "https://www.oregon.gov/gov/eo/eo-13-02.pdf", waiting until "load"

[2025-12-30 18:51:24]   Error accessing executive order https://www.oregon.gov/gov/eo/eo-13-01.pdf: Page.goto: Download is starting
Call log:
  - navigating to "https://www.oregon.gov/gov/eo/eo-13-01.pdf", waiting until "load"

[2025-12-30 18:51:24]   Error accessing executive order https://www.oregon.gov/gov/eo/eo-12-17.pdf: Page.goto: Download is starting
Call log:
  - navigating to "https://www.oregon.gov/gov/eo/eo-12-17.pdf", waiting until "load"

[2025-12-30 18:51:24]   Error accessing executive order https://www.oregon.gov/gov/eo/eo-12-16.pdf: Page.goto: Download is starting
Call log:
  - navigating to "https://www.oregon.gov/gov/eo/eo-12-16.pdf", waiting until "load"

[2025-12-30 18:51:25]   Error accessing executive order https://www.oregon.gov/gov/eo/eo-12-15.pdf: Page.goto: Download is starting
Call log:
  - navigating to "https://www.oregon.gov/gov/eo/eo-12-15.pdf", waiting until "load"

[2025-12-30 18:51:25]   Error accessing executive order https://www.oregon.gov/gov/eo/eo-12-14.pdf: Page.goto: Download is starting
Call log:
  - navigating to "https://www.oregon.gov/gov/eo/eo-12-14.pdf", waiting until "load"

[2025-12-30 18:51:25]   Error accessing executive order https://www.oregon.gov/gov/eo/eo-12-13.pdf: Page.goto: Download is starting
Call log:
  - navigating to "https://www.oregon.gov/gov/eo/eo-12-13.pdf", waiting until "load"

[2025-12-30 18:51:25]   Error accessing executive order https://www.oregon.gov/gov/eo/eo-12-12.pdf: Page.goto: Download is starting
Call log:
  - navigating to "https://www.oregon.gov/gov/eo/eo-12-12.pdf", waiting until "load"

[2025-12-30 18:51:25]   Error accessing executive order https://www.oregon.gov/gov/eo/eo-12-11.pdf: Page.goto: Download is starting
Call log:
  - navigating to "https://www.oregon.gov/gov/eo/eo-12-11.pdf", waiting until "load"

[2025-12-30 18:51:25]   Error accessing executive order https://www.oregon.gov/gov/eo/eo-12-10.pdf: Page.goto: Download is starting
Call log:
  - navigating to "https://www.oregon.gov/gov/eo/eo-12-10.pdf", waiting until "load"

[2025-12-30 18:51:25]   Error accessing executive order https://www.oregon.gov/gov/eo/eo-12-09.pdf: Page.goto: Download is starting
Call log:
  - navigating to "https://www.oregon.gov/gov/eo/eo-12-09.pdf", waiting until "load"

[2025-12-30 18:51:26]   Error accessing executive order https://www.oregon.gov/gov/eo/eo-12-08.pdf: Page.goto: Download is starting
Call log:
  - navigating to "https://www.oregon.gov/gov/eo/eo-12-08.pdf", waiting until "load"

[2025-12-30 18:51:26]   Error accessing executive order https://www.oregon.gov/gov/eo/eo-12-07.pdf: Page.goto: Download is starting
Call log:
  - navigating to "https://www.oregon.gov/gov/eo/eo-12-07.pdf", waiting until "load"

[2025-12-30 18:51:26]   Error accessing executive order https://www.oregon.gov/gov/eo/eo-12-06.pdf: Page.goto: Download is starting
Call log:
  - navigating to "https://www.oregon.gov/gov/eo/eo-12-06.pdf", waiting until "load"

[2025-12-30 18:51:26]   Error accessing executive order https://www.oregon.gov/gov/eo/eo-12-05.pdf: Page.goto: Download is starting
Call log:
  - navigating to "https://www.oregon.gov/gov/eo/eo-12-05.pdf", waiting until "load"

[2025-12-30 18:51:27]   Error accessing executive order https://www.oregon.gov/gov/eo/eo-12-04.pdf: Page.goto: Download is starting
Call log:
  - navigating to "https://www.oregon.gov/gov/eo/eo-12-04.pdf", waiting until "load"

[2025-12-30 18:51:27]   Error accessing executive order https://www.oregon.gov/gov/eo/eo-12-03.pdf: Page.goto: Download is starting
Call log:
  - navigating to "https://www.oregon.gov/gov/eo/eo-12-03.pdf", waiting until "load"

[2025-12-30 18:51:27]   Error accessing executive order https://www.oregon.gov/gov/eo/eo-12-02.pdf: Page.goto: Download is starting
Call log:
  - navigating to "https://www.oregon.gov/gov/eo/eo-12-02.pdf", waiting until "load"

[2025-12-30 18:51:27]   Error accessing executive order https://www.oregon.gov/gov/eo/eo-12-01.pdf: Page.goto: Download is starting
Call log:
  - navigating to "https://www.oregon.gov/gov/eo/eo-12-01.pdf", waiting until "load"

[2025-12-30 18:51:27]   Error accessing executive order https://www.oregon.gov/gov/eo/eo-12-special-session.pdf: Page.goto: Download is starting
Call log:
  - navigating to "https://www.oregon.gov/gov/eo/eo-12-special-session.pdf", waiting until "load"

[2025-12-30 18:51:27]   Error accessing executive order https://www.oregon.gov/gov/eo/eo-11-12.pdf: Page.goto: Download is starting
Call log:
  - navigating to "https://www.oregon.gov/gov/eo/eo-11-12.pdf", waiting until "load"

[2025-12-30 18:51:28]   Error accessing executive order https://www.oregon.gov/gov/eo/eo-11-11.pdf: Page.goto: Download is starting
Call log:
  - navigating to "https://www.oregon.gov/gov/eo/eo-11-11.pdf", waiting until "load"

[2025-12-30 18:51:28]   Error accessing executive order https://www.oregon.gov/gov/eo/eo-11-10.pdf: Page.goto: Download is starting
Call log:
  - navigating to "https://www.oregon.gov/gov/eo/eo-11-10.pdf", waiting until "load"

[2025-12-30 18:51:28]   Error accessing executive order https://www.oregon.gov/gov/eo/eo-11-09.pdf: Page.goto: Download is starting
Call log:
  - navigating to "https://www.oregon.gov/gov/eo/eo-11-09.pdf", waiting until "load"

[2025-12-30 18:51:28]   Error accessing executive order https://www.oregon.gov/gov/eo/eo-11-08.pdf: Page.goto: Download is starting
Call log:
  - navigating to "https://www.oregon.gov/gov/eo/eo-11-08.pdf", waiting until "load"

[2025-12-30 18:51:28]   Error accessing executive order https://www.oregon.gov/gov/eo/eo-11-07.pdf: Page.goto: Download is starting
Call log:
  - navigating to "https://www.oregon.gov/gov/eo/eo-11-07.pdf", waiting until "load"

[2025-12-30 18:51:28]   Error accessing executive order https://www.oregon.gov/gov/eo/eo-11-06.pdf: Page.goto: Download is starting
Call log:
  - navigating to "https://www.oregon.gov/gov/eo/eo-11-06.pdf", waiting until "load"

[2025-12-30 18:51:29]   Error accessing executive order https://www.oregon.gov/gov/eo/eo-11-05.pdf: Page.goto: Download is starting
Call log:
  - navigating to "https://www.oregon.gov/gov/eo/eo-11-05.pdf", waiting until "load"

[2025-12-30 18:51:29]   Error accessing executive order https://www.oregon.gov/gov/eo/eo-11-04.pdf: Page.goto: Download is starting
Call log:
  - navigating to "https://www.oregon.gov/gov/eo/eo-11-04.pdf", waiting until "load"

[2025-12-30 18:51:29]   Error accessing executive order https://www.oregon.gov/gov/eo/eo-11-03.pdf: Page.goto: Download is starting
Call log:
  - navigating to "https://www.oregon.gov/gov/eo/eo-11-03.pdf", waiting until "load"

[2025-12-30 18:51:29]   Error accessing executive order https://www.oregon.gov/gov/eo/eo-11-02.pdf: Page.goto: Download is starting
Call log:
  - navigating to "https://www.oregon.gov/gov/eo/eo-11-02.pdf", waiting until "load"

[2025-12-30 18:51:30]   Error accessing executive order https://www.oregon.gov/gov/eo/eo-11-01.pdf: Page.goto: Download is starting
Call log:
  - navigating to "https://www.oregon.gov/gov/eo/eo-11-01.pdf", waiting until "load"

[2025-12-30 18:51:30]   Error accessing executive order https://www.oregon.gov/gov/eo/eo-10-13.pdf: Page.goto: Download is starting
Call log:
  - navigating to "https://www.oregon.gov/gov/eo/eo-10-13.pdf", waiting until "load"

[2025-12-30 18:51:30]   Error accessing executive order https://www.oregon.gov/gov/eo/eo-10-12.pdf: Page.goto: Download is starting
Call log:
  - navigating to "https://www.oregon.gov/gov/eo/eo-10-12.pdf", waiting until "load"

[2025-12-30 18:51:30]   Error accessing executive order https://www.oregon.gov/gov/eo/eo-10-11.pdf: Page.goto: Download is starting
Call log:
  - navigating to "https://www.oregon.gov/gov/eo/eo-10-11.pdf", waiting until "load"

[2025-12-30 18:51:30]   Error accessing executive order https://www.oregon.gov/gov/eo/eo-10-10.pdf: Page.goto: Download is starting
Call log:
  - navigating to "https://www.oregon.gov/gov/eo/eo-10-10.pdf", waiting until "load"

[2025-12-30 18:51:31]   Error accessing executive order https://www.oregon.gov/gov/eo/eo-10-09.pdf: Page.goto: Download is starting
Call log:
  - navigating to "https://www.oregon.gov/gov/eo/eo-10-09.pdf", waiting until "load"

[2025-12-30 18:51:31]   Error accessing executive order https://www.oregon.gov/gov/eo/eo-10-08.pdf: Page.goto: Download is starting
Call log:
  - navigating to "https://www.oregon.gov/gov/eo/eo-10-08.pdf", waiting until "load"

[2025-12-30 18:51:31]   Error accessing executive order https://www.oregon.gov/gov/eo/eo-10-07.pdf: Page.goto: Download is starting
Call log:
  - navigating to "https://www.oregon.gov/gov/eo/eo-10-07.pdf", waiting until "load"

[2025-12-30 18:51:31]   Error accessing executive order https://www.oregon.gov/gov/eo/eo-10-06.pdf: Page.goto: Download is starting
Call log:
  - navigating to "https://www.oregon.gov/gov/eo/eo-10-06.pdf", waiting until "load"

[2025-12-30 18:51:31]   Error accessing executive order https://www.oregon.gov/gov/eo/eo-10-05.pdf: Page.goto: Download is starting
Call log:
  - navigating to "https://www.oregon.gov/gov/eo/eo-10-05.pdf", waiting until "load"

[2025-12-30 18:51:32]   Error accessing executive order https://www.oregon.gov/gov/eo/eo-10-04.pdf: Page.goto: Download is starting
Call log:
  - navigating to "https://www.oregon.gov/gov/eo/eo-10-04.pdf", waiting until "load"

[2025-12-30 18:51:32]   Error accessing executive order https://www.oregon.gov/gov/eo/eo-10-03.pdf: Page.goto: Download is starting
Call log:
  - navigating to "https://www.oregon.gov/gov/eo/eo-10-03.pdf", waiting until "load"

[2025-12-30 18:51:32]   Error accessing executive order https://www.oregon.gov/gov/eo/eo-10-02.pdf: Page.goto: Download is starting
Call log:
  - navigating to "https://www.oregon.gov/gov/eo/eo-10-02.pdf", waiting until "load"

[2025-12-30 18:51:32]   Error accessing executive order https://www.oregon.gov/gov/eo/eo-1001.pdf: Page.goto: Download is starting
Call log:
  - navigating to "https://www.oregon.gov/gov/eo/eo-1001.pdf", waiting until "load"

[2025-12-30 18:51:32]   Error accessing executive order https://www.oregon.gov/gov/eo/eo-09-17.pdf: Page.goto: Download is starting
Call log:
  - navigating to "https://www.oregon.gov/gov/eo/eo-09-17.pdf", waiting until "load"

[2025-12-30 18:51:33]   Error accessing executive order https://www.oregon.gov/gov/eo/eo-09-16-rev.pdf: Page.goto: Download is starting
Call log:
  - navigating to "https://www.oregon.gov/gov/eo/eo-09-16-rev.pdf", waiting until "load"

[2025-12-30 18:51:33]   Error accessing executive order https://www.oregon.gov/gov/eo/eo-09-15.pdf: Page.goto: Download is starting
Call log:
  - navigating to "https://www.oregon.gov/gov/eo/eo-09-15.pdf", waiting until "load"

[2025-12-30 18:51:33]   Error accessing executive order https://www.oregon.gov/gov/eo/eo-09-14.pdf: Page.goto: Download is starting
Call log:
  - navigating to "https://www.oregon.gov/gov/eo/eo-09-14.pdf", waiting until "load"

[2025-12-30 18:51:33]   Error accessing executive order https://www.oregon.gov/gov/eo/eo-09-13.pdf: Page.goto: Download is starting
Call log:
  - navigating to "https://www.oregon.gov/gov/eo/eo-09-13.pdf", waiting until "load"

[2025-12-30 18:51:34]   Error accessing executive order https://www.oregon.gov/gov/eo/eo-09-12.pdf: Page.goto: Download is starting
Call log:
  - navigating to "https://www.oregon.gov/gov/eo/eo-09-12.pdf", waiting until "load"

[2025-12-30 18:51:34]   Error accessing executive order https://www.oregon.gov/gov/eo/eo-09-11-rev.pdf: Page.goto: Download is starting
Call log:
  - navigating to "https://www.oregon.gov/gov/eo/eo-09-11-rev.pdf", waiting until "load"

[2025-12-30 18:51:34]   Error accessing executive order https://www.oregon.gov/gov/eo/eo-09-10.pdf: Page.goto: Download is starting
Call log:
  - navigating to "https://www.oregon.gov/gov/eo/eo-09-10.pdf", waiting until "load"

[2025-12-30 18:51:34]   Error accessing executive order https://www.oregon.gov/gov/eo/eo-09-09.pdf: Page.goto: Download is starting
Call log:
  - navigating to "https://www.oregon.gov/gov/eo/eo-09-09.pdf", waiting until "load"

[2025-12-30 18:51:35]   Error accessing executive order https://www.oregon.gov/gov/eo/eo-09-08.pdf: Page.goto: Download is starting
Call log:
  - navigating to "https://www.oregon.gov/gov/eo/eo-09-08.pdf", waiting until "load"

[2025-12-30 18:51:35]   Error accessing executive order https://www.oregon.gov/gov/eo/eo-09-07-r.pdf: Page.goto: Download is starting
Call log:
  - navigating to "https://www.oregon.gov/gov/eo/eo-09-07-r.pdf", waiting until "load"

[2025-12-30 18:51:35]   Error accessing executive order https://www.oregon.gov/gov/eo/eo-09-06-r.pdf: Page.goto: Download is starting
Call log:
  - navigating to "https://www.oregon.gov/gov/eo/eo-09-06-r.pdf", waiting until "load"

[2025-12-30 18:51:35]   Error accessing executive order https://www.oregon.gov/gov/eo/eo-09-05.pdf: Page.goto: Download is starting
Call log:
  - navigating to "https://www.oregon.gov/gov/eo/eo-09-05.pdf", waiting until "load"

[2025-12-30 18:51:35]   Error accessing executive order https://www.oregon.gov/gov/eo/eo-09-04.pdf: Page.goto: Download is starting
Call log:
  - navigating to "https://www.oregon.gov/gov/eo/eo-09-04.pdf", waiting until "load"

[2025-12-30 18:51:35]   Error accessing executive order https://www.oregon.gov/gov/eo/eo-09-03.pdf: Page.goto: Download is starting
Call log:
  - navigating to "https://www.oregon.gov/gov/eo/eo-09-03.pdf", waiting until "load"

[2025-12-30 18:51:36]   Error accessing executive order https://www.oregon.gov/gov/eo/eo-09-02-rev.pdf: Page.goto: Download is starting
Call log:
  - navigating to "https://www.oregon.gov/gov/eo/eo-09-02-rev.pdf", waiting until "load"

[2025-12-30 18:51:36]   Error accessing executive order https://www.oregon.gov/gov/eo/eo-09-01.pdf: Page.goto: Download is starting
Call log:
  - navigating to "https://www.oregon.gov/gov/eo/eo-09-01.pdf", waiting until "load"

[2025-12-30 18:51:36]   Error accessing executive order https://www.oregon.gov/gov/eo/eo-08-29.pdf: Page.goto: Download is starting
Call log:
  - navigating to "https://www.oregon.gov/gov/eo/eo-08-29.pdf", waiting until "load"

[2025-12-30 18:51:36]   Error accessing executive order https://www.oregon.gov/gov/eo/eo-08-28.pdf: Page.goto: Download is starting
Call log:
  - navigating to "https://www.oregon.gov/gov/eo/eo-08-28.pdf", waiting until "load"

[2025-12-30 18:51:36]   Error accessing executive order https://www.oregon.gov/gov/eo/eo-08-27.pdf: Page.goto: Download is starting
Call log:
  - navigating to "https://www.oregon.gov/gov/eo/eo-08-27.pdf", waiting until "load"

[2025-12-30 18:51:37]   Error accessing executive order https://www.oregon.gov/gov/eo/eo-08-26-rev.pdf: Page.goto: Download is starting
Call log:
  - navigating to "https://www.oregon.gov/gov/eo/eo-08-26-rev.pdf", waiting until "load"

[2025-12-30 18:51:37]   Error accessing executive order https://www.oregon.gov/gov/eo/eo-08-25.pdf: Page.goto: Download is starting
Call log:
  - navigating to "https://www.oregon.gov/gov/eo/eo-08-25.pdf", waiting until "load"

[2025-12-30 18:51:37]   Error accessing executive order https://www.oregon.gov/gov/eo/eo-08-24.pdf: Page.goto: Download is starting
Call log:
  - navigating to "https://www.oregon.gov/gov/eo/eo-08-24.pdf", waiting until "load"

[2025-12-30 18:51:37]   Error accessing executive order https://www.oregon.gov/gov/eo/eo-08-23.pdf: Page.goto: Download is starting
Call log:
  - navigating to "https://www.oregon.gov/gov/eo/eo-08-23.pdf", waiting until "load"

[2025-12-30 18:51:38]   Error accessing executive order https://www.oregon.gov/gov/eo/eo-08-22.pdf: Page.goto: Download is starting
Call log:
  - navigating to "https://www.oregon.gov/gov/eo/eo-08-22.pdf", waiting until "load"

[2025-12-30 18:51:38]   Error accessing executive order https://www.oregon.gov/gov/eo/eo-08-21.pdf: Page.goto: Download is starting
Call log:
  - navigating to "https://www.oregon.gov/gov/eo/eo-08-21.pdf", waiting until "load"

[2025-12-30 18:51:38]   Error accessing executive order https://www.oregon.gov/gov/eo/eo-08-20.pdf: Page.goto: Download is starting
Call log:
  - navigating to "https://www.oregon.gov/gov/eo/eo-08-20.pdf", waiting until "load"

[2025-12-30 18:51:38]   Error accessing executive order https://www.oregon.gov/gov/eo/eo-08-19.pdf: Page.goto: Download is starting
Call log:
  - navigating to "https://www.oregon.gov/gov/eo/eo-08-19.pdf", waiting until "load"

[2025-12-30 18:51:38]   Error accessing executive order https://www.oregon.gov/gov/eo/eo-08-18.pdf: Page.goto: Download is starting
Call log:
  - navigating to "https://www.oregon.gov/gov/eo/eo-08-18.pdf", waiting until "load"

[2025-12-30 18:51:39]   Error accessing executive order https://www.oregon.gov/gov/eo/eo-08-17.pdf: Page.goto: Download is starting
Call log:
  - navigating to "https://www.oregon.gov/gov/eo/eo-08-17.pdf", waiting until "load"

[2025-12-30 18:51:39]   Error accessing executive order https://www.oregon.gov/gov/eo/eo-08-16-letter.pdf: Page.goto: Download is starting
Call log:
  - navigating to "https://www.oregon.gov/gov/eo/eo-08-16-letter.pdf", waiting until "load"

[2025-12-30 18:51:39]   Error accessing executive order https://www.oregon.gov/gov/eo/eo-08-16.pdf: Page.goto: Download is starting
Call log:
  - navigating to "https://www.oregon.gov/gov/eo/eo-08-16.pdf", waiting until "load"

[2025-12-30 18:51:39]   Error accessing executive order https://www.oregon.gov/gov/eo/eo-08-15.pdf: Page.goto: Download is starting
Call log:
  - navigating to "https://www.oregon.gov/gov/eo/eo-08-15.pdf", waiting until "load"

[2025-12-30 18:51:39]   Error accessing executive order https://www.oregon.gov/gov/eo/eo-08-14.pdf: Page.goto: Download is starting
Call log:
  - navigating to "https://www.oregon.gov/gov/eo/eo-08-14.pdf", waiting until "load"

[2025-12-30 18:51:39]   Error accessing executive order https://www.oregon.gov/gov/eo/eo-08-13.pdf: Page.goto: Download is starting
Call log:
  - navigating to "https://www.oregon.gov/gov/eo/eo-08-13.pdf", waiting until "load"

[2025-12-30 18:51:40]   Error accessing executive order https://www.oregon.gov/gov/eo/eo-08-12.pdf: Page.goto: Download is starting
Call log:
  - navigating to "https://www.oregon.gov/gov/eo/eo-08-12.pdf", waiting until "load"

[2025-12-30 18:51:40]   Error accessing executive order https://www.oregon.gov/gov/eo/eo-08-11.pdf: Page.goto: Download is starting
Call log:
  - navigating to "https://www.oregon.gov/gov/eo/eo-08-11.pdf", waiting until "load"

[2025-12-30 18:51:40]   Error accessing executive order https://www.oregon.gov/gov/eo/eo-08-10.pdf: Page.goto: Download is starting
Call log:
  - navigating to "https://www.oregon.gov/gov/eo/eo-08-10.pdf", waiting until "load"

[2025-12-30 18:51:40]   Error accessing executive order https://www.oregon.gov/gov/eo/eo-08-09.pdf: Page.goto: Download is starting
Call log:
  - navigating to "https://www.oregon.gov/gov/eo/eo-08-09.pdf", waiting until "load"

[2025-12-30 18:51:41]   Error accessing executive order https://www.oregon.gov/gov/eo/eo-08-08.pdf: Page.goto: Download is starting
Call log:
  - navigating to "https://www.oregon.gov/gov/eo/eo-08-08.pdf", waiting until "load"

[2025-12-30 18:51:41]   Error accessing executive order https://www.oregon.gov/gov/eo/eo-08-07.pdf: Page.goto: Download is starting
Call log:
  - navigating to "https://www.oregon.gov/gov/eo/eo-08-07.pdf", waiting until "load"

[2025-12-30 18:51:41]   Error accessing executive order https://www.oregon.gov/gov/eo/eo-08-06.pdf: Page.goto: Download is starting
Call log:
  - navigating to "https://www.oregon.gov/gov/eo/eo-08-06.pdf", waiting until "load"

[2025-12-30 18:51:42]   Error accessing executive order https://www.oregon.gov/gov/eo/eo-08-05.pdf: Page.goto: Download is starting
Call log:
  - navigating to "https://www.oregon.gov/gov/eo/eo-08-05.pdf", waiting until "load"

[2025-12-30 18:51:42]   Error accessing executive order https://www.oregon.gov/gov/eo/eo-08-04.pdf: Page.goto: Download is starting
Call log:
  - navigating to "https://www.oregon.gov/gov/eo/eo-08-04.pdf", waiting until "load"

[2025-12-30 18:51:42]   Error accessing executive order https://www.oregon.gov/gov/eo/eo-08-03.pdf: Page.goto: Download is starting
Call log:
  - navigating to "https://www.oregon.gov/gov/eo/eo-08-03.pdf", waiting until "load"

[2025-12-30 18:51:42]   Error accessing executive order https://www.oregon.gov/gov/eo/eo--08-02.pdf: Page.goto: Download is starting
Call log:
  - navigating to "https://www.oregon.gov/gov/eo/eo--08-02.pdf", waiting until "load"

[2025-12-30 18:51:43]   Error accessing executive order https://www.oregon.gov/gov/eo/eo-08-01.pdf: Page.goto: Download is starting
Call log:
  - navigating to "https://www.oregon.gov/gov/eo/eo-08-01.pdf", waiting until "load"

[2025-12-30 18:51:43]   Error accessing executive order https://www.oregon.gov/gov/eo/eo-07-20.pdf: Page.goto: Download is starting
Call log:
  - navigating to "https://www.oregon.gov/gov/eo/eo-07-20.pdf", waiting until "load"

[2025-12-30 18:51:43]   Error accessing executive order https://www.oregon.gov/gov/eo/eo-07-27.pdf: Page.goto: Download is starting
Call log:
  - navigating to "https://www.oregon.gov/gov/eo/eo-07-27.pdf", waiting until "load"

[2025-12-30 18:51:43]   Error accessing executive order https://www.oregon.gov/gov/eo/eo-07-26-a.pdf: Page.goto: Download is starting
Call log:
  - navigating to "https://www.oregon.gov/gov/eo/eo-07-26-a.pdf", waiting until "load"

[2025-12-30 18:51:44]   Error accessing executive order https://www.oregon.gov/gov/eo/eo-07-25.pdf: Page.goto: Download is starting
Call log:
  - navigating to "https://www.oregon.gov/gov/eo/eo-07-25.pdf", waiting until "load"

[2025-12-30 18:51:44]   Error accessing executive order https://www.oregon.gov/gov/eo/eo-07-24.pdf: Page.goto: Download is starting
Call log:
  - navigating to "https://www.oregon.gov/gov/eo/eo-07-24.pdf", waiting until "load"

[2025-12-30 18:51:44]   Error accessing executive order https://www.oregon.gov/gov/eo/eo-07-23.pdf: Page.goto: Download is starting
Call log:
  - navigating to "https://www.oregon.gov/gov/eo/eo-07-23.pdf", waiting until "load"

[2025-12-30 18:51:44]   Error accessing executive order https://www.oregon.gov/gov/eo/eo-07-22.pdf: Page.goto: Download is starting
Call log:
  - navigating to "https://www.oregon.gov/gov/eo/eo-07-22.pdf", waiting until "load"

[2025-12-30 18:51:44]   Error accessing executive order https://www.oregon.gov/gov/eo/eo-07-21-a.pdf: Page.goto: Download is starting
Call log:
  - navigating to "https://www.oregon.gov/gov/eo/eo-07-21-a.pdf", waiting until "load"

[2025-12-30 18:51:45]   Error accessing executive order https://www.oregon.gov/gov/eo/eo-07-19.pdf: Page.goto: Download is starting
Call log:
  - navigating to "https://www.oregon.gov/gov/eo/eo-07-19.pdf", waiting until "load"

[2025-12-30 18:51:45]   Error accessing executive order https://www.oregon.gov/gov/eo/eo-07-18.pdf: Page.goto: Download is starting
Call log:
  - navigating to "https://www.oregon.gov/gov/eo/eo-07-18.pdf", waiting until "load"

[2025-12-30 18:51:45]   Error accessing executive order https://www.oregon.gov/gov/eo/eo-07-17.pdf: Page.goto: Download is starting
Call log:
  - navigating to "https://www.oregon.gov/gov/eo/eo-07-17.pdf", waiting until "load"

[2025-12-30 18:51:45]   Error accessing executive order https://www.oregon.gov/gov/eo/eo-07-16.pdf: Page.goto: Download is starting
Call log:
  - navigating to "https://www.oregon.gov/gov/eo/eo-07-16.pdf", waiting until "load"

[2025-12-30 18:51:45]   Error accessing executive order https://www.oregon.gov/gov/eo/eo-07-15.pdf: Page.goto: Download is starting
Call log:
  - navigating to "https://www.oregon.gov/gov/eo/eo-07-15.pdf", waiting until "load"

[2025-12-30 18:51:45]   Error accessing executive order https://www.oregon.gov/gov/eo/eo-07-14.pdf: Page.goto: Download is starting
Call log:
  - navigating to "https://www.oregon.gov/gov/eo/eo-07-14.pdf", waiting until "load"

[2025-12-30 18:51:45]   Error accessing executive order https://www.oregon.gov/gov/eo/eo-07-13.pdf: Page.goto: Download is starting
Call log:
  - navigating to "https://www.oregon.gov/gov/eo/eo-07-13.pdf", waiting until "load"

[2025-12-30 18:51:46]   Error accessing executive order https://www.oregon.gov/gov/eo/eo-07-12.pdf: Page.goto: Download is starting
Call log:
  - navigating to "https://www.oregon.gov/gov/eo/eo-07-12.pdf", waiting until "load"

[2025-12-30 18:51:46]   Error accessing executive order https://www.oregon.gov/gov/eo/eo-07-11.pdf: Page.goto: Download is starting
Call log:
  - navigating to "https://www.oregon.gov/gov/eo/eo-07-11.pdf", waiting until "load"

[2025-12-30 18:51:46]   Error accessing executive order https://www.oregon.gov/gov/eo/eo-07-09.pdf: Page.goto: Download is starting
Call log:
  - navigating to "https://www.oregon.gov/gov/eo/eo-07-09.pdf", waiting until "load"

[2025-12-30 18:51:46]   Error accessing executive order https://www.oregon.gov/gov/eo/eo-07-08.pdf: Page.goto: Download is starting
Call log:
  - navigating to "https://www.oregon.gov/gov/eo/eo-07-08.pdf", waiting until "load"

[2025-12-30 18:51:47]   Error accessing executive order https://www.oregon.gov/gov/eo/eo-07-07.pdf: Page.goto: Download is starting
Call log:
  - navigating to "https://www.oregon.gov/gov/eo/eo-07-07.pdf", waiting until "load"

[2025-12-30 18:51:47]   Error accessing executive order https://www.oregon.gov/gov/eo/eo-07-06.pdf: Page.goto: Download is starting
Call log:
  - navigating to "https://www.oregon.gov/gov/eo/eo-07-06.pdf", waiting until "load"

[2025-12-30 18:51:47]   Error accessing executive order https://www.oregon.gov/gov/eo/eo-07-03.pdf: Page.goto: Download is starting
Call log:
  - navigating to "https://www.oregon.gov/gov/eo/eo-07-03.pdf", waiting until "load"

[2025-12-30 18:51:47]   Error accessing executive order https://www.oregon.gov/gov/eo/eo-07-01.pdf: Page.goto: Download is starting
Call log:
  - navigating to "https://www.oregon.gov/gov/eo/eo-07-01.pdf", waiting until "load"

[2025-12-30 18:51:47]   Error accessing executive order https://www.oregon.gov/gov/eo/eo-06-14.pdf: Page.goto: Download is starting
Call log:
  - navigating to "https://www.oregon.gov/gov/eo/eo-06-14.pdf", waiting until "load"

[2025-12-30 18:51:47]   Error accessing executive order https://www.oregon.gov/gov/eo/eo-06-07.pdf: Page.goto: Download is starting
Call log:
  - navigating to "https://www.oregon.gov/gov/eo/eo-06-07.pdf", waiting until "load"

[2025-12-30 18:51:48]   Error accessing executive order https://www.oregon.gov/gov/eo/eo-06-05.pdf: Page.goto: Download is starting
Call log:
  - navigating to "https://www.oregon.gov/gov/eo/eo-06-05.pdf", waiting until "load"

[2025-12-30 18:51:48]   Error accessing executive order https://www.oregon.gov/gov/eo/eo-06-02.pdf: Page.goto: Download is starting
Call log:
  - navigating to "https://www.oregon.gov/gov/eo/eo-06-02.pdf", waiting until "load"

[2025-12-30 18:51:48]   Error accessing executive order https://www.oregon.gov/gov/eo/eo-05-01.pdf: Page.goto: Download is starting
Call log:
  - navigating to "https://www.oregon.gov/gov/eo/eo-05-01.pdf", waiting until "load"

[2025-12-30 18:51:48]   Error accessing executive order https://www.oregon.gov/gov/eo/eo-04-05.pdf: Page.goto: Download is starting
Call log:
  - navigating to "https://www.oregon.gov/gov/eo/eo-04-05.pdf", waiting until "load"

[2025-12-30 18:51:48]   Error accessing executive order https://www.oregon.gov/gov/eo/eo-04-04.pdf: Page.goto: Download is starting
Call log:
  - navigating to "https://www.oregon.gov/gov/eo/eo-04-04.pdf", waiting until "load"

[2025-12-30 18:51:49]   Error accessing executive order https://www.oregon.gov/gov/eo/eo-04-03.pdf: Page.goto: Download is starting
Call log:
  - navigating to "https://www.oregon.gov/gov/eo/eo-04-03.pdf", waiting until "load"

[2025-12-30 18:51:49]   Error accessing executive order https://www.oregon.gov/gov/eo/eo-04-02.pdf: Page.goto: Download is starting
Call log:
  - navigating to "https://www.oregon.gov/gov/eo/eo-04-02.pdf", waiting until "load"

[2025-12-30 18:51:49]   Error accessing executive order https://www.oregon.gov/gov/eo/eo-04-01.pdf: Page.goto: Download is starting
Call log:
  - navigating to "https://www.oregon.gov/gov/eo/eo-04-01.pdf", waiting until "load"

[2025-12-30 18:51:49]   Error accessing executive order https://www.oregon.gov/gov/eo/eo-03-16.pdf: Page.goto: Download is starting
Call log:
  - navigating to "https://www.oregon.gov/gov/eo/eo-03-16.pdf", waiting until "load"

[2025-12-30 18:51:49]   Error accessing executive order https://www.oregon.gov/gov/eo/eo-03-15.pdf: Page.goto: Download is starting
Call log:
  - navigating to "https://www.oregon.gov/gov/eo/eo-03-15.pdf", waiting until "load"

[2025-12-30 18:51:49]   Error accessing executive order https://www.oregon.gov/gov/eo/eo-03-14.pdf: Page.goto: Download is starting
Call log:
  - navigating to "https://www.oregon.gov/gov/eo/eo-03-14.pdf", waiting until "load"

[2025-12-30 18:51:50]   Error accessing executive order https://www.oregon.gov/gov/eo/eo-03-13.pdf: Page.goto: Download is starting
Call log:
  - navigating to "https://www.oregon.gov/gov/eo/eo-03-13.pdf", waiting until "load"

[2025-12-30 18:51:50]   Error accessing executive order https://www.oregon.gov/gov/eo/eo-03-12.pdf: Page.goto: Download is starting
Call log:
  - navigating to "https://www.oregon.gov/gov/eo/eo-03-12.pdf", waiting until "load"

[2025-12-30 18:51:50]   Error accessing executive order https://www.oregon.gov/gov/eo/eo-03-10.pdf: Page.goto: Download is starting
Call log:
  - navigating to "https://www.oregon.gov/gov/eo/eo-03-10.pdf", waiting until "load"

[2025-12-30 18:51:50]   Error accessing executive order https://www.oregon.gov/gov/eo/eo-03-09.pdf: Page.goto: Download is starting
Call log:
  - navigating to "https://www.oregon.gov/gov/eo/eo-03-09.pdf", waiting until "load"

[2025-12-30 18:51:50]   Error accessing executive order https://www.oregon.gov/gov/eo/eo-03-08.pdf: Page.goto: Download is starting
Call log:
  - navigating to "https://www.oregon.gov/gov/eo/eo-03-08.pdf", waiting until "load"

[2025-12-30 18:51:50]   Error accessing executive order https://www.oregon.gov/gov/eo/eo-03-06.pdf: Page.goto: Download is starting
Call log:
  - navigating to "https://www.oregon.gov/gov/eo/eo-03-06.pdf", waiting until "load"

[2025-12-30 18:51:50]   Error accessing executive order https://www.oregon.gov/gov/eo/eo-03-05.pdf: Page.goto: Download is starting
Call log:
  - navigating to "https://www.oregon.gov/gov/eo/eo-03-05.pdf", waiting until "load"

[2025-12-30 18:51:50]   Error accessing executive order https://www.oregon.gov/gov/eo/eo-03-04.pdf: Page.goto: Download is starting
Call log:
  - navigating to "https://www.oregon.gov/gov/eo/eo-03-04.pdf", waiting until "load"

[2025-12-30 18:51:51]   Error accessing executive order https://www.oregon.gov/gov/eo/eo-03-03.pdf: Page.goto: Download is starting
Call log:
  - navigating to "https://www.oregon.gov/gov/eo/eo-03-03.pdf", waiting until "load"

[2025-12-30 18:51:51]   Error accessing executive order https://www.oregon.gov/gov/eo/eo-03-03-letter.pdf: Page.goto: Download is starting
Call log:
  - navigating to "https://www.oregon.gov/gov/eo/eo-03-03-letter.pdf", waiting until "load"

[2025-12-30 18:51:51]   Error accessing executive order https://www.oregon.gov/gov/eo/eo-03-02.pdf: Page.goto: Download is starting
Call log:
  - navigating to "https://www.oregon.gov/gov/eo/eo-03-02.pdf", waiting until "load"

[2025-12-30 18:51:51]   Error accessing executive order https://www.oregon.gov/gov/eo/eo-03-01.pdf: Page.goto: Download is starting
Call log:
  - navigating to "https://www.oregon.gov/gov/eo/eo-03-01.pdf", waiting until "load"

[2025-12-30 18:51:51]   Collected 0 executive orders
[2025-12-30 18:51:51] Searching Oregon Department of Administrative Services...
[2025-12-30 18:51:59] Playwright research complete. Collected 18 documents.
[2025-12-30 18:51:59] Starting document analysis...
[2025-12-30 18:51:59] Analysis complete. Found DEI terms in 0 documents.
[2025-12-30 18:51:59] Generating report...
[2025-12-30 18:51:59] Report generated: research_report.txt

================================================================================
RESEARCH COMPLETE
================================================================================

Documents saved to: /home/barberb/Housing Authority of Clackamas County/research_data/raw_documents
Analysis saved to: /home/barberb/Housing Authority of Clackamas County/research_data/analysis

Generated files:
  - research_report.txt (main findings)
  - dei_findings.json (detailed analysis)
  - research_log.txt (activity log)

